6.699,27.778,0
6.699,27.851,0
6.699,27.923,0
6.699,27.995,0
6.699,28.068,0
6.699,28.14,0
6.699,28.213,0
6.699,28.285,0
6.699,28.357,0
6.699,28.43,0
6.699,28.502,0
6.699,28.575,0
6.699,28.647,0
6.699,28.719,0
6.699,28.792,0
6.699,28.864,0
6.699,28.937,0
6.699,29.009,0
6.699,29.081,0
6.699,29.154,0
6.699,29.226,0
6.699,29.299,0
6.699,29.371,0
6.699,29.444,0
6.699,29.516,0
6.699,29.588,0
6.699,29.661,0
6.699,29.733,0
6.699,29.806,0
6.699,29.878,0
6.699,29.95,0
6.699,30.023,0
6.699,30.095,0
6.699,30.168,0
6.699,30.24,0
6.699,30.312,0
6.699,30.385,0
6.699,30.457,0
6.699,30.53,0
6.699,30.602,0
6.7368,27.778,0
6.7368,27.851,0
6.7368,27.923,0
6.7368,27.995,0
6.7368,28.068,0
6.7368,28.14,0
6.7368,28.213,0
6.7368,28.285,0
6.7368,28.357,0
6.7368,28.43,0
6.7368,28.502,0
6.7368,28.575,0
6.7368,28.647,0
6.7368,28.719,0
6.7368,28.792,0
6.7368,28.864,0
6.7368,28.937,0
6.7368,29.009,0
6.7368,29.081,0
6.7368,29.154,0
6.7368,29.226,0
6.7368,29.299,0
6.7368,29.371,0
6.7368,29.444,0
6.7368,29.516,0
6.7368,29.588,0
6.7368,29.661,0
6.7368,29.733,0
6.7368,29.806,0
6.7368,29.878,0
6.7368,29.95,0
6.7368,30.023,0
6.7368,30.095,0
6.7368,30.168,0
6.7368,30.24,0
6.7368,30.312,0
6.7368,30.385,0
6.7368,30.457,0
6.7368,30.53,0
6.7368,30.602,0
6.7747,27.778,0
6.7747,27.851,0
6.7747,27.923,0
6.7747,27.995,0
6.7747,28.068,0
6.7747,28.14,0
6.7747,28.213,0
6.7747,28.285,0
6.7747,28.357,0
6.7747,28.43,0
6.7747,28.502,0
6.7747,28.575,0
6.7747,28.647,0
6.7747,28.719,0
6.7747,28.792,0
6.7747,28.864,0
6.7747,28.937,0
6.7747,29.009,0
6.7747,29.081,0
6.7747,29.154,0
6.7747,29.226,0
6.7747,29.299,0
6.7747,29.371,0
6.7747,29.444,0
6.7747,29.516,0
6.7747,29.588,0
6.7747,29.661,0
6.7747,29.733,0
6.7747,29.806,0
6.7747,29.878,0
6.7747,29.95,0
6.7747,30.023,0
6.7747,30.095,0
6.7747,30.168,0
6.7747,30.24,0
6.7747,30.312,0
6.7747,30.385,0
6.7747,30.457,0
6.7747,30.53,0
6.7747,30.602,0
6.8126,27.778,0
6.8126,27.851,0
6.8126,27.923,0
6.8126,27.995,0
6.8126,28.068,0
6.8126,28.14,0
6.8126,28.213,0
6.8126,28.285,0
6.8126,28.357,0
6.8126,28.43,0
6.8126,28.502,0
6.8126,28.575,0
6.8126,28.647,0
6.8126,28.719,0
6.8126,28.792,0
6.8126,28.864,0
6.8126,28.937,0
6.8126,29.009,0
6.8126,29.081,0
6.8126,29.154,0
6.8126,29.226,0
6.8126,29.299,0
6.8126,29.371,0
6.8126,29.444,0
6.8126,29.516,0
6.8126,29.588,0
6.8126,29.661,0
6.8126,29.733,0
6.8126,29.806,0
6.8126,29.878,0
6.8126,29.95,0
6.8126,30.023,0
6.8126,30.095,0
6.8126,30.168,0
6.8126,30.24,0
6.8126,30.312,0
6.8126,30.385,0
6.8126,30.457,0
6.8126,30.53,0
6.8126,30.602,0
6.8505,27.778,0
6.8505,27.851,0
6.8505,27.923,0
6.8505,27.995,0
6.8505,28.068,0
6.8505,28.14,0
6.8505,28.213,0
6.8505,28.285,0
6.8505,28.357,0
6.8505,28.43,0
6.8505,28.502,0
6.8505,28.575,0
6.8505,28.647,0
6.8505,28.719,0
6.8505,28.792,0
6.8505,28.864,0
6.8505,28.937,0
6.8505,29.009,0
6.8505,29.081,0
6.8505,29.154,0
6.8505,29.226,0
6.8505,29.299,0
6.8505,29.371,0
6.8505,29.444,0
6.8505,29.516,0
6.8505,29.588,0
6.8505,29.661,0
6.8505,29.733,0
6.8505,29.806,0
6.8505,29.878,0
6.8505,29.95,0
6.8505,30.023,0
6.8505,30.095,0
6.8505,30.168,0
6.8505,30.24,0
6.8505,30.312,0
6.8505,30.385,0
6.8505,30.457,0
6.8505,30.53,0
6.8505,30.602,0
6.8884,27.778,0
6.8884,27.851,0
6.8884,27.923,0
6.8884,27.995,0
6.8884,28.068,0
6.8884,28.14,0
6.8884,28.213,0
6.8884,28.285,0
6.8884,28.357,0
6.8884,28.43,0
6.8884,28.502,0
6.8884,28.575,0
6.8884,28.647,0
6.8884,28.719,0
6.8884,28.792,0
6.8884,28.864,0
6.8884,28.937,0
6.8884,29.009,0
6.8884,29.081,0
6.8884,29.154,0
6.8884,29.226,0
6.8884,29.299,0
6.8884,29.371,0
6.8884,29.444,0
6.8884,29.516,0
6.8884,29.588,0
6.8884,29.661,0
6.8884,29.733,0
6.8884,29.806,0
6.8884,29.878,0
6.8884,29.95,0
6.8884,30.023,0
6.8884,30.095,0
6.8884,30.168,0
6.8884,30.24,0
6.8884,30.312,0
6.8884,30.385,0
6.8884,30.457,0
6.8884,30.53,0
6.8884,30.602,0
6.9262,27.778,0
6.9262,27.851,0
6.9262,27.923,0
6.9262,27.995,0
6.9262,28.068,0
6.9262,28.14,0
6.9262,28.213,0
6.9262,28.285,0
6.9262,28.357,0
6.9262,28.43,0
6.9262,28.502,0
6.9262,28.575,0
6.9262,28.647,0
6.9262,28.719,0
6.9262,28.792,0
6.9262,28.864,0
6.9262,28.937,0
6.9262,29.009,0
6.9262,29.081,0
6.9262,29.154,0
6.9262,29.226,0
6.9262,29.299,0
6.9262,29.371,0
6.9262,29.444,0
6.9262,29.516,0
6.9262,29.588,0
6.9262,29.661,0
6.9262,29.733,0
6.9262,29.806,0
6.9262,29.878,0
6.9262,29.95,0
6.9262,30.023,0
6.9262,30.095,0
6.9262,30.168,0
6.9262,30.24,0
6.9262,30.312,0
6.9262,30.385,0
6.9262,30.457,0
6.9262,30.53,0
6.9262,30.602,0
6.9641,27.778,0
6.9641,27.851,0
6.9641,27.923,0
6.9641,27.995,0
6.9641,28.068,0
6.9641,28.14,0
6.9641,28.213,0
6.9641,28.285,0
6.9641,28.357,0
6.9641,28.43,0
6.9641,28.502,0
6.9641,28.575,0
6.9641,28.647,0
6.9641,28.719,0
6.9641,28.792,0
6.9641,28.864,0
6.9641,28.937,0
6.9641,29.009,0
6.9641,29.081,0
6.9641,29.154,0
6.9641,29.226,0
6.9641,29.299,0
6.9641,29.371,0
6.9641,29.444,0
6.9641,29.516,0
6.9641,29.588,0
6.9641,29.661,0
6.9641,29.733,0
6.9641,29.806,0
6.9641,29.878,0
6.9641,29.95,0
6.9641,30.023,0
6.9641,30.095,0
6.9641,30.168,0
6.9641,30.24,0
6.9641,30.312,0
6.9641,30.385,0
6.9641,30.457,0
6.9641,30.53,0
6.9641,30.602,0
7.002,27.778,0
7.002,27.851,0
7.002,27.923,0
7.002,27.995,0
7.002,28.068,0
7.002,28.14,0
7.002,28.213,0
7.002,28.285,0
7.002,28.357,0
7.002,28.43,0
7.002,28.502,0
7.002,28.575,0
7.002,28.647,0
7.002,28.719,0
7.002,28.792,0
7.002,28.864,0
7.002,28.937,0
7.002,29.009,0
7.002,29.081,0
7.002,29.154,0
7.002,29.226,0
7.002,29.299,0
7.002,29.371,0
7.002,29.444,0
7.002,29.516,0
7.002,29.588,0
7.002,29.661,0
7.002,29.733,0
7.002,29.806,0
7.002,29.878,0
7.002,29.95,0
7.002,30.023,0
7.002,30.095,0
7.002,30.168,0
7.002,30.24,0
7.002,30.312,0
7.002,30.385,0
7.002,30.457,0
7.002,30.53,0
7.002,30.602,0
7.0399,27.778,0
7.0399,27.851,0
7.0399,27.923,0
7.0399,27.995,0
7.0399,28.068,0
7.0399,28.14,0
7.0399,28.213,0
7.0399,28.285,0
7.0399,28.357,0
7.0399,28.43,0
7.0399,28.502,0
7.0399,28.575,0
7.0399,28.647,0
7.0399,28.719,0
7.0399,28.792,0
7.0399,28.864,0
7.0399,28.937,0
7.0399,29.009,0
7.0399,29.081,0
7.0399,29.154,0
7.0399,29.226,0
7.0399,29.299,0
7.0399,29.371,0
7.0399,29.444,0
7.0399,29.516,0
7.0399,29.588,0
7.0399,29.661,0
7.0399,29.733,0
7.0399,29.806,0
7.0399,29.878,0
7.0399,29.95,0
7.0399,30.023,0
7.0399,30.095,0
7.0399,30.168,0
7.0399,30.24,0
7.0399,30.312,0
7.0399,30.385,0
7.0399,30.457,0
7.0399,30.53,0
7.0399,30.602,0
7.0778,27.778,0
7.0778,27.851,0
7.0778,27.923,0
7.0778,27.995,0
7.0778,28.068,0
7.0778,28.14,0
7.0778,28.213,0
7.0778,28.285,0
7.0778,28.357,0
7.0778,28.43,0
7.0778,28.502,0
7.0778,28.575,0
7.0778,28.647,0
7.0778,28.719,0
7.0778,28.792,0
7.0778,28.864,0
7.0778,28.937,0
7.0778,29.009,0
7.0778,29.081,0
7.0778,29.154,0
7.0778,29.226,0
7.0778,29.299,0
7.0778,29.371,0
7.0778,29.444,0
7.0778,29.516,0
7.0778,29.588,0
7.0778,29.661,0
7.0778,29.733,0
7.0778,29.806,0
7.0778,29.878,0
7.0778,29.95,0
7.0778,30.023,0
7.0778,30.095,0
7.0778,30.168,0
7.0778,30.24,0
7.0778,30.312,0
7.0778,30.385,0
7.0778,30.457,0
7.0778,30.53,0
7.0778,30.602,0
7.1156,27.778,0
7.1156,27.851,0
7.1156,27.923,0
7.1156,27.995,0
7.1156,28.068,0
7.1156,28.14,0
7.1156,28.213,0
7.1156,28.285,0
7.1156,28.357,0
7.1156,28.43,0
7.1156,28.502,0
7.1156,28.575,0
7.1156,28.647,0
7.1156,28.719,0
7.1156,28.792,0
7.1156,28.864,0
7.1156,28.937,0
7.1156,29.009,0
7.1156,29.081,0
7.1156,29.154,0
7.1156,29.226,0
7.1156,29.299,0
7.1156,29.371,0
7.1156,29.444,0
7.1156,29.516,0
7.1156,29.588,0
7.1156,29.661,0
7.1156,29.733,0
7.1156,29.806,0
7.1156,29.878,0
7.1156,29.95,0
7.1156,30.023,0
7.1156,30.095,0
7.1156,30.168,0
7.1156,30.24,0
7.1156,30.312,0
7.1156,30.385,0
7.1156,30.457,0
7.1156,30.53,0
7.1156,30.602,0
7.1535,27.778,0
7.1535,27.851,0
7.1535,27.923,0
7.1535,27.995,0
7.1535,28.068,0
7.1535,28.14,0
7.1535,28.213,0
7.1535,28.285,0
7.1535,28.357,0
7.1535,28.43,0
7.1535,28.502,0
7.1535,28.575,0
7.1535,28.647,0
7.1535,28.719,0
7.1535,28.792,0
7.1535,28.864,0
7.1535,28.937,0
7.1535,29.009,0
7.1535,29.081,0
7.1535,29.154,0
7.1535,29.226,0
7.1535,29.299,0
7.1535,29.371,0
7.1535,29.444,0
7.1535,29.516,0
7.1535,29.588,0
7.1535,29.661,0
7.1535,29.733,0
7.1535,29.806,0
7.1535,29.878,0
7.1535,29.95,0
7.1535,30.023,0
7.1535,30.095,0
7.1535,30.168,0
7.1535,30.24,0
7.1535,30.312,0
7.1535,30.385,0
7.1535,30.457,0
7.1535,30.53,0
7.1535,30.602,0
7.1914,27.778,0
7.1914,27.851,0
7.1914,27.923,0
7.1914,27.995,0
7.1914,28.068,0
7.1914,28.14,0
7.1914,28.213,0
7.1914,28.285,0
7.1914,28.357,0
7.1914,28.43,0
7.1914,28.502,0
7.1914,28.575,0
7.1914,28.647,0
7.1914,28.719,0
7.1914,28.792,0
7.1914,28.864,0
7.1914,28.937,0
7.1914,29.009,0
7.1914,29.081,0
7.1914,29.154,0
7.1914,29.226,0
7.1914,29.299,0
7.1914,29.371,0
7.1914,29.444,0
7.1914,29.516,0
7.1914,29.588,0
7.1914,29.661,0
7.1914,29.733,0
7.1914,29.806,0
7.1914,29.878,0
7.1914,29.95,0
7.1914,30.023,0
7.1914,30.095,0
7.1914,30.168,0
7.1914,30.24,0
7.1914,30.312,0
7.1914,30.385,0
7.1914,30.457,0
7.1914,30.53,0
7.1914,30.602,0
7.2293,27.778,0
7.2293,27.851,0
7.2293,27.923,0
7.2293,27.995,0
7.2293,28.068,0
7.2293,28.14,0
7.2293,28.213,0
7.2293,28.285,0
7.2293,28.357,0
7.2293,28.43,0
7.2293,28.502,0
7.2293,28.575,0
7.2293,28.647,0
7.2293,28.719,0
7.2293,28.792,0
7.2293,28.864,0
7.2293,28.937,0
7.2293,29.009,0
7.2293,29.081,0
7.2293,29.154,0
7.2293,29.226,0
7.2293,29.299,0
7.2293,29.371,0
7.2293,29.444,0
7.2293,29.516,0
7.2293,29.588,0
7.2293,29.661,0
7.2293,29.733,0
7.2293,29.806,0
7.2293,29.878,0
7.2293,29.95,0
7.2293,30.023,0
7.2293,30.095,0
7.2293,30.168,0
7.2293,30.24,0
7.2293,30.312,0
7.2293,30.385,0
7.2293,30.457,0
7.2293,30.53,0
7.2293,30.602,0
7.2671,27.778,0
7.2671,27.851,0
7.2671,27.923,0
7.2671,27.995,0
7.2671,28.068,0
7.2671,28.14,0
7.2671,28.213,0
7.2671,28.285,0
7.2671,28.357,0
7.2671,28.43,0
7.2671,28.502,0
7.2671,28.575,0
7.2671,28.647,0
7.2671,28.719,0
7.2671,28.792,0
7.2671,28.864,0
7.2671,28.937,0
7.2671,29.009,0
7.2671,29.081,0
7.2671,29.154,0
7.2671,29.226,0
7.2671,29.299,0
7.2671,29.371,0
7.2671,29.444,0
7.2671,29.516,0
7.2671,29.588,0
7.2671,29.661,0
7.2671,29.733,0
7.2671,29.806,0
7.2671,29.878,0
7.2671,29.95,0
7.2671,30.023,0
7.2671,30.095,0
7.2671,30.168,0
7.2671,30.24,0
7.2671,30.312,0
7.2671,30.385,0
7.2671,30.457,0
7.2671,30.53,0
7.2671,30.602,0
7.305,27.778,0
7.305,27.851,0
7.305,27.923,0
7.305,27.995,0
7.305,28.068,0
7.305,28.14,0
7.305,28.213,0
7.305,28.285,0
7.305,28.357,0
7.305,28.43,0
7.305,28.502,0
7.305,28.575,0
7.305,28.647,0
7.305,28.719,0
7.305,28.792,0
7.305,28.864,0
7.305,28.937,0
7.305,29.009,0
7.305,29.081,0
7.305,29.154,0
7.305,29.226,0
7.305,29.299,0
7.305,29.371,0
7.305,29.444,0
7.305,29.516,0
7.305,29.588,0
7.305,29.661,0
7.305,29.733,0
7.305,29.806,0
7.305,29.878,0
7.305,29.95,0
7.305,30.023,0
7.305,30.095,0
7.305,30.168,0
7.305,30.24,0
7.305,30.312,0
7.305,30.385,0
7.305,30.457,0
7.305,30.53,0
7.305,30.602,0
7.3429,27.778,0
7.3429,27.851,0
7.3429,27.923,0
7.3429,27.995,0
7.3429,28.068,0
7.3429,28.14,0
7.3429,28.213,0
7.3429,28.285,0
7.3429,28.357,0
7.3429,28.43,0
7.3429,28.502,0
7.3429,28.575,0
7.3429,28.647,0
7.3429,28.719,0
7.3429,28.792,0
7.3429,28.864,0
7.3429,28.937,0
7.3429,29.009,0
7.3429,29.081,0
7.3429,29.154,0
7.3429,29.226,0
7.3429,29.299,0
7.3429,29.371,0
7.3429,29.444,0
7.3429,29.516,0
7.3429,29.588,0
7.3429,29.661,0
7.3429,29.733,0
7.3429,29.806,0
7.3429,29.878,0
7.3429,29.95,0
7.3429,30.023,0
7.3429,30.095,0
7.3429,30.168,0
7.3429,30.24,0
7.3429,30.312,0
7.3429,30.385,0
7.3429,30.457,0
7.3429,30.53,0
7.3429,30.602,0
7.3808,27.778,0
7.3808,27.851,0
7.3808,27.923,0
7.3808,27.995,0
7.3808,28.068,0
7.3808,28.14,0
7.3808,28.213,0
7.3808,28.285,0
7.3808,28.357,0
7.3808,28.43,0
7.3808,28.502,0
7.3808,28.575,0
7.3808,28.647,0
7.3808,28.719,0
7.3808,28.792,0
7.3808,28.864,0
7.3808,28.937,0
7.3808,29.009,0
7.3808,29.081,0
7.3808,29.154,0
7.3808,29.226,0
7.3808,29.299,0
7.3808,29.371,0
7.3808,29.444,0
7.3808,29.516,0
7.3808,29.588,0
7.3808,29.661,0
7.3808,29.733,0
7.3808,29.806,0
7.3808,29.878,0
7.3808,29.95,0
7.3808,30.023,0
7.3808,30.095,0
7.3808,30.168,0
7.3808,30.24,0
7.3808,30.312,0
7.3808,30.385,0
7.3808,30.457,0
7.3808,30.53,0
7.3808,30.602,0
7.4187,27.778,0
7.4187,27.851,0
7.4187,27.923,0
7.4187,27.995,0
7.4187,28.068,0
7.4187,28.14,0
7.4187,28.213,0
7.4187,28.285,0
7.4187,28.357,0
7.4187,28.43,0
7.4187,28.502,0
7.4187,28.575,0
7.4187,28.647,0
7.4187,28.719,0
7.4187,28.792,0
7.4187,28.864,0
7.4187,28.937,0
7.4187,29.009,0
7.4187,29.081,0
7.4187,29.154,0
7.4187,29.226,0
7.4187,29.299,0
7.4187,29.371,0
7.4187,29.444,0
7.4187,29.516,0
7.4187,29.588,0
7.4187,29.661,0
7.4187,29.733,0
7.4187,29.806,0
7.4187,29.878,0
7.4187,29.95,0
7.4187,30.023,0
7.4187,30.095,0
7.4187,30.168,0
7.4187,30.24,0
7.4187,30.312,0
7.4187,30.385,0
7.4187,30.457,0
7.4187,30.53,0
7.4187,30.602,0
7.4565,27.778,0
7.4565,27.851,0
7.4565,27.923,0
7.4565,27.995,0
7.4565,28.068,0
7.4565,28.14,0
7.4565,28.213,0
7.4565,28.285,0
7.4565,28.357,0
7.4565,28.43,0
7.4565,28.502,0
7.4565,28.575,0
7.4565,28.647,0
7.4565,28.719,0
7.4565,28.792,0
7.4565,28.864,0
7.4565,28.937,0
7.4565,29.009,0
7.4565,29.081,0
7.4565,29.154,0
7.4565,29.226,0
7.4565,29.299,0
7.4565,29.371,0
7.4565,29.444,0
7.4565,29.516,0
7.4565,29.588,0
7.4565,29.661,0
7.4565,29.733,0
7.4565,29.806,0
7.4565,29.878,0
7.4565,29.95,0
7.4565,30.023,0
7.4565,30.095,0
7.4565,30.168,0
7.4565,30.24,0
7.4565,30.312,0
7.4565,30.385,0
7.4565,30.457,0
7.4565,30.53,0
7.4565,30.602,0
7.4944,27.778,0
7.4944,27.851,0
7.4944,27.923,0
7.4944,27.995,0
7.4944,28.068,0
7.4944,28.14,0
7.4944,28.213,0
7.4944,28.285,0
7.4944,28.357,0
7.4944,28.43,0
7.4944,28.502,0
7.4944,28.575,0
7.4944,28.647,0
7.4944,28.719,0
7.4944,28.792,0
7.4944,28.864,0
7.4944,28.937,0
7.4944,29.009,0
7.4944,29.081,0
7.4944,29.154,0
7.4944,29.226,0
7.4944,29.299,0
7.4944,29.371,0
7.4944,29.444,0
7.4944,29.516,0
7.4944,29.588,0
7.4944,29.661,0
7.4944,29.733,0
7.4944,29.806,0
7.4944,29.878,0
7.4944,29.95,0
7.4944,30.023,0
7.4944,30.095,0
7.4944,30.168,0
7.4944,30.24,0
7.4944,30.312,0
7.4944,30.385,0
7.4944,30.457,0
7.4944,30.53,0
7.4944,30.602,0
7.5323,27.778,0
7.5323,27.851,0
7.5323,27.923,0
7.5323,27.995,0
7.5323,28.068,0
7.5323,28.14,0
7.5323,28.213,0
7.5323,28.285,0
7.5323,28.357,0
7.5323,28.43,0
7.5323,28.502,0
7.5323,28.575,0
7.5323,28.647,0
7.5323,28.719,0
7.5323,28.792,0
7.5323,28.864,0
7.5323,28.937,0
7.5323,29.009,0
7.5323,29.081,0
7.5323,29.154,0
7.5323,29.226,0
7.5323,29.299,0
7.5323,29.371,0
7.5323,29.444,0
7.5323,29.516,0
7.5323,29.588,0
7.5323,29.661,0
7.5323,29.733,0
7.5323,29.806,0
7.5323,29.878,0
7.5323,29.95,0
7.5323,30.023,0
7.5323,30.095,0
7.5323,30.168,0
7.5323,30.24,0
7.5323,30.312,0
7.5323,30.385,0
7.5323,30.457,0
7.5323,30.53,0
7.5323,30.602,0
7.5702,27.778,0
7.5702,27.851,0
7.5702,27.923,0
7.5702,27.995,0
7.5702,28.068,0
7.5702,28.14,0
7.5702,28.213,0
7.5702,28.285,0
7.5702,28.357,0
7.5702,28.43,0
7.5702,28.502,0
7.5702,28.575,0
7.5702,28.647,0
7.5702,28.719,0
7.5702,28.792,0
7.5702,28.864,0
7.5702,28.937,0
7.5702,29.009,0
7.5702,29.081,0
7.5702,29.154,0
7.5702,29.226,0
7.5702,29.299,0
7.5702,29.371,0
7.5702,29.444,0
7.5702,29.516,0
7.5702,29.588,0
7.5702,29.661,0
7.5702,29.733,0
7.5702,29.806,0
7.5702,29.878,0
7.5702,29.95,0
7.5702,30.023,0
7.5702,30.095,0
7.5702,30.168,0
7.5702,30.24,0
7.5702,30.312,0
7.5702,30.385,0
7.5702,30.457,0
7.5702,30.53,0
7.5702,30.602,0
7.608,27.778,0
7.608,27.851,0
7.608,27.923,0
7.608,27.995,0
7.608,28.068,0
7.608,28.14,0
7.608,28.213,0
7.608,28.285,0
7.608,28.357,0
7.608,28.43,0
7.608,28.502,0
7.608,28.575,0
7.608,28.647,0
7.608,28.719,0
7.608,28.792,0
7.608,28.864,0
7.608,28.937,0
7.608,29.009,0
7.608,29.081,0
7.608,29.154,0
7.608,29.226,0
7.608,29.299,0
7.608,29.371,0
7.608,29.444,0
7.608,29.516,0
7.608,29.588,0
7.608,29.661,0
7.608,29.733,0
7.608,29.806,0
7.608,29.878,0
7.608,29.95,0
7.608,30.023,0
7.608,30.095,0
7.608,30.168,0
7.608,30.24,0
7.608,30.312,0
7.608,30.385,0
7.608,30.457,0
7.608,30.53,0
7.608,30.602,0
7.6459,27.778,0
7.6459,27.851,0
7.6459,27.923,0
7.6459,27.995,0
7.6459,28.068,0
7.6459,28.14,0
7.6459,28.213,0
7.6459,28.285,0
7.6459,28.357,0
7.6459,28.43,0
7.6459,28.502,0
7.6459,28.575,0
7.6459,28.647,0
7.6459,28.719,0
7.6459,28.792,0
7.6459,28.864,0
7.6459,28.937,0
7.6459,29.009,0
7.6459,29.081,0
7.6459,29.154,0
7.6459,29.226,0
7.6459,29.299,0
7.6459,29.371,0
7.6459,29.444,0
7.6459,29.516,0
7.6459,29.588,0
7.6459,29.661,0
7.6459,29.733,0
7.6459,29.806,0
7.6459,29.878,0
7.6459,29.95,0
7.6459,30.023,0
7.6459,30.095,0
7.6459,30.168,0
7.6459,30.24,0
7.6459,30.312,0
7.6459,30.385,0
7.6459,30.457,0
7.6459,30.53,0
7.6459,30.602,0
7.6838,27.778,0
7.6838,27.851,0
7.6838,27.923,0
7.6838,27.995,0
7.6838,28.068,0
7.6838,28.14,0
7.6838,28.213,0
7.6838,28.285,0
7.6838,28.357,0
7.6838,28.43,0
7.6838,28.502,0
7.6838,28.575,0
7.6838,28.647,0
7.6838,28.719,0
7.6838,28.792,0
7.6838,28.864,0
7.6838,28.937,0
7.6838,29.009,0
7.6838,29.081,0
7.6838,29.154,0
7.6838,29.226,0
7.6838,29.299,0
7.6838,29.371,0
7.6838,29.444,0
7.6838,29.516,0
7.6838,29.588,0
7.6838,29.661,0
7.6838,29.733,0
7.6838,29.806,0
7.6838,29.878,0
7.6838,29.95,0
7.6838,30.023,0
7.6838,30.095,0
7.6838,30.168,0
7.6838,30.24,0
7.6838,30.312,0
7.6838,30.385,0
7.6838,30.457,0
7.6838,30.53,0
7.6838,30.602,0
7.7217,27.778,0
7.7217,27.851,0
7.7217,27.923,0
7.7217,27.995,0
7.7217,28.068,0
7.7217,28.14,0
7.7217,28.213,0
7.7217,28.285,0
7.7217,28.357,0
7.7217,28.43,0
7.7217,28.502,0
7.7217,28.575,0
7.7217,28.647,0
7.7217,28.719,0
7.7217,28.792,0
7.7217,28.864,0
7.7217,28.937,0
7.7217,29.009,0
7.7217,29.081,0
7.7217,29.154,0
7.7217,29.226,0
7.7217,29.299,0
7.7217,29.371,0
7.7217,29.444,0
7.7217,29.516,0
7.7217,29.588,0
7.7217,29.661,0
7.7217,29.733,0
7.7217,29.806,0
7.7217,29.878,0
7.7217,29.95,0
7.7217,30.023,0
7.7217,30.095,0
7.7217,30.168,0
7.7217,30.24,0
7.7217,30.312,0
7.7217,30.385,0
7.7217,30.457,0
7.7217,30.53,0
7.7217,30.602,0
7.7596,27.778,0
7.7596,27.851,0
7.7596,27.923,0
7.7596,27.995,0
7.7596,28.068,0
7.7596,28.14,0
7.7596,28.213,0
7.7596,28.285,0
7.7596,28.357,0
7.7596,28.43,0
7.7596,28.502,0
7.7596,28.575,0
7.7596,28.647,0
7.7596,28.719,0
7.7596,28.792,0
7.7596,28.864,0
7.7596,28.937,0
7.7596,29.009,0
7.7596,29.081,0
7.7596,29.154,0
7.7596,29.226,0
7.7596,29.299,0
7.7596,29.371,0
7.7596,29.444,0
7.7596,29.516,0
7.7596,29.588,0
7.7596,29.661,0
7.7596,29.733,0
7.7596,29.806,0
7.7596,29.878,0
7.7596,29.95,0
7.7596,30.023,0
7.7596,30.095,0
7.7596,30.168,0
7.7596,30.24,0
7.7596,30.312,0
7.7596,30.385,0
7.7596,30.457,0
7.7596,30.53,0
7.7596,30.602,0
7.7974,27.778,0
7.7974,27.851,0
7.7974,27.923,0
7.7974,27.995,0
7.7974,28.068,0
7.7974,28.14,0
7.7974,28.213,0
7.7974,28.285,0
7.7974,28.357,0
7.7974,28.43,0
7.7974,28.502,0
7.7974,28.575,0
7.7974,28.647,0
7.7974,28.719,0
7.7974,28.792,0
7.7974,28.864,0
7.7974,28.937,0
7.7974,29.009,0
7.7974,29.081,0
7.7974,29.154,0
7.7974,29.226,0
7.7974,29.299,0
7.7974,29.371,0
7.7974,29.444,0
7.7974,29.516,0
7.7974,29.588,0
7.7974,29.661,0
7.7974,29.733,0
7.7974,29.806,0
7.7974,29.878,0
7.7974,29.95,0
7.7974,30.023,0
7.7974,30.095,0
7.7974,30.168,0
7.7974,30.24,0
7.7974,30.312,0
7.7974,30.385,0
7.7974,30.457,0
7.7974,30.53,0
7.7974,30.602,0
7.8353,27.778,0
7.8353,27.851,0
7.8353,27.923,0
7.8353,27.995,0
7.8353,28.068,0
7.8353,28.14,0
7.8353,28.213,0
7.8353,28.285,0
7.8353,28.357,0
7.8353,28.43,0
7.8353,28.502,0
7.8353,28.575,0
7.8353,28.647,0
7.8353,28.719,0
7.8353,28.792,0
7.8353,28.864,0
7.8353,28.937,0
7.8353,29.009,0
7.8353,29.081,0
7.8353,29.154,0
7.8353,29.226,0
7.8353,29.299,0
7.8353,29.371,0
7.8353,29.444,0
7.8353,29.516,0
7.8353,29.588,0
7.8353,29.661,0
7.8353,29.733,0
7.8353,29.806,0
7.8353,29.878,0
7.8353,29.95,0
7.8353,30.023,0
7.8353,30.095,0
7.8353,30.168,0
7.8353,30.24,0
7.8353,30.312,0
7.8353,30.385,0
7.8353,30.457,0
7.8353,30.53,0
7.8353,30.602,0
7.8732,27.778,0
7.8732,27.851,0
7.8732,27.923,0
7.8732,27.995,0
7.8732,28.068,0
7.8732,28.14,0
7.8732,28.213,0
7.8732,28.285,0
7.8732,28.357,0
7.8732,28.43,0
7.8732,28.502,0
7.8732,28.575,0
7.8732,28.647,0
7.8732,28.719,0
7.8732,28.792,0
7.8732,28.864,0
7.8732,28.937,0
7.8732,29.009,0
7.8732,29.081,0
7.8732,29.154,0
7.8732,29.226,0
7.8732,29.299,0
7.8732,29.371,0
7.8732,29.444,0
7.8732,29.516,0
7.8732,29.588,0
7.8732,29.661,0
7.8732,29.733,0
7.8732,29.806,0
7.8732,29.878,0
7.8732,29.95,0
7.8732,30.023,0
7.8732,30.095,0
7.8732,30.168,0
7.8732,30.24,0
7.8732,30.312,0
7.8732,30.385,0
7.8732,30.457,0
7.8732,30.53,0
7.8732,30.602,0
7.9111,27.778,0
7.9111,27.851,0
7.9111,27.923,0
7.9111,27.995,0
7.9111,28.068,0
7.9111,28.14,0
7.9111,28.213,0
7.9111,28.285,0
7.9111,28.357,0
7.9111,28.43,0
7.9111,28.502,0
7.9111,28.575,0
7.9111,28.647,0
7.9111,28.719,0
7.9111,28.792,0
7.9111,28.864,0
7.9111,28.937,0
7.9111,29.009,0
7.9111,29.081,0
7.9111,29.154,0
7.9111,29.226,0
7.9111,29.299,0
7.9111,29.371,0
7.9111,29.444,0
7.9111,29.516,0
7.9111,29.588,0
7.9111,29.661,0
7.9111,29.733,0
7.9111,29.806,0
7.9111,29.878,0
7.9111,29.95,0
7.9111,30.023,0
7.9111,30.095,0
7.9111,30.168,0
7.9111,30.24,0
7.9111,30.312,0
7.9111,30.385,0
7.9111,30.457,0
7.9111,30.53,0
7.9111,30.602,0
7.9489,27.778,0
7.9489,27.851,0
7.9489,27.923,0
7.9489,27.995,0
7.9489,28.068,0
7.9489,28.14,0
7.9489,28.213,0
7.9489,28.285,0
7.9489,28.357,0
7.9489,28.43,0
7.9489,28.502,0
7.9489,28.575,0
7.9489,28.647,0
7.9489,28.719,0
7.9489,28.792,0
7.9489,28.864,0
7.9489,28.937,0
7.9489,29.009,0
7.9489,29.081,0
7.9489,29.154,0
7.9489,29.226,0
7.9489,29.299,0
7.9489,29.371,0
7.9489,29.444,0
7.9489,29.516,0
7.9489,29.588,0
7.9489,29.661,0
7.9489,29.733,0
7.9489,29.806,0
7.9489,29.878,0
7.9489,29.95,0
7.9489,30.023,0
7.9489,30.095,0
7.9489,30.168,0
7.9489,30.24,0
7.9489,30.312,0
7.9489,30.385,0
7.9489,30.457,0
7.9489,30.53,0
7.9489,30.602,0
7.9868,27.778,0
7.9868,27.851,0
7.9868,27.923,0
7.9868,27.995,0
7.9868,28.068,0
7.9868,28.14,0
7.9868,28.213,0
7.9868,28.285,0
7.9868,28.357,0
7.9868,28.43,0
7.9868,28.502,0
7.9868,28.575,0
7.9868,28.647,0
7.9868,28.719,0
7.9868,28.792,0
7.9868,28.864,0
7.9868,28.937,0
7.9868,29.009,0
7.9868,29.081,0
7.9868,29.154,0
7.9868,29.226,0
7.9868,29.299,0
7.9868,29.371,0
7.9868,29.444,0
7.9868,29.516,0
7.9868,29.588,0
7.9868,29.661,0
7.9868,29.733,0
7.9868,29.806,0
7.9868,29.878,0
7.9868,29.95,0
7.9868,30.023,0
7.9868,30.095,0
7.9868,30.168,0
7.9868,30.24,0
7.9868,30.312,0
7.9868,30.385,0
7.9868,30.457,0
7.9868,30.53,0
7.9868,30.602,0
8.0247,27.778,0
8.0247,27.851,0
8.0247,27.923,0
8.0247,27.995,0
8.0247,28.068,0
8.0247,28.14,0
8.0247,28.213,0
8.0247,28.285,0
8.0247,28.357,0
8.0247,28.43,0
8.0247,28.502,0
8.0247,28.575,0
8.0247,28.647,0
8.0247,28.719,0
8.0247,28.792,0
8.0247,28.864,0
8.0247,28.937,0
8.0247,29.009,0
8.0247,29.081,0
8.0247,29.154,0
8.0247,29.226,0
8.0247,29.299,0
8.0247,29.371,0
8.0247,29.444,0
8.0247,29.516,0
8.0247,29.588,0
8.0247,29.661,0
8.0247,29.733,0
8.0247,29.806,0
8.0247,29.878,0
8.0247,29.95,0
8.0247,30.023,0
8.0247,30.095,0
8.0247,30.168,0
8.0247,30.24,0
8.0247,30.312,0
8.0247,30.385,0
8.0247,30.457,0
8.0247,30.53,0
8.0247,30.602,0
8.0626,27.778,0
8.0626,27.851,0
8.0626,27.923,0
8.0626,27.995,0
8.0626,28.068,0
8.0626,28.14,0
8.0626,28.213,0
8.0626,28.285,0
8.0626,28.357,0
8.0626,28.43,0
8.0626,28.502,0
8.0626,28.575,0
8.0626,28.647,0
8.0626,28.719,0
8.0626,28.792,0
8.0626,28.864,0
8.0626,28.937,0
8.0626,29.009,0
8.0626,29.081,0
8.0626,29.154,0
8.0626,29.226,0
8.0626,29.299,0
8.0626,29.371,0
8.0626,29.444,0
8.0626,29.516,0
8.0626,29.588,0
8.0626,29.661,0
8.0626,29.733,0
8.0626,29.806,0
8.0626,29.878,0
8.0626,29.95,0
8.0626,30.023,0
8.0626,30.095,0
8.0626,30.168,0
8.0626,30.24,0
8.0626,30.312,0
8.0626,30.385,0
8.0626,30.457,0
8.0626,30.53,0
8.0626,30.602,0
8.1005,27.778,0
8.1005,27.851,0
8.1005,27.923,0
8.1005,27.995,0
8.1005,28.068,0
8.1005,28.14,0
8.1005,28.213,0
8.1005,28.285,0
8.1005,28.357,0
8.1005,28.43,0
8.1005,28.502,0
8.1005,28.575,0
8.1005,28.647,0
8.1005,28.719,0
8.1005,28.792,0
8.1005,28.864,0
8.1005,28.937,0
8.1005,29.009,0
8.1005,29.081,0
8.1005,29.154,0
8.1005,29.226,0
8.1005,29.299,0
8.1005,29.371,0
8.1005,29.444,0
8.1005,29.516,0
8.1005,29.588,0
8.1005,29.661,0
8.1005,29.733,0
8.1005,29.806,0
8.1005,29.878,0
8.1005,29.95,0
8.1005,30.023,0
8.1005,30.095,0
8.1005,30.168,0
8.1005,30.24,0
8.1005,30.312,0
8.1005,30.385,0
8.1005,30.457,0
8.1005,30.53,0
8.1005,30.602,0
8.1383,27.778,0
8.1383,27.851,0
8.1383,27.923,0
8.1383,27.995,0
8.1383,28.068,0
8.1383,28.14,0
8.1383,28.213,0
8.1383,28.285,0
8.1383,28.357,0
8.1383,28.43,0
8.1383,28.502,0
8.1383,28.575,0
8.1383,28.647,0
8.1383,28.719,0
8.1383,28.792,0
8.1383,28.864,0
8.1383,28.937,0
8.1383,29.009,0
8.1383,29.081,0
8.1383,29.154,0
8.1383,29.226,0
8.1383,29.299,0
8.1383,29.371,0
8.1383,29.444,0
8.1383,29.516,0
8.1383,29.588,0
8.1383,29.661,0
8.1383,29.733,0
8.1383,29.806,0
8.1383,29.878,0
8.1383,29.95,0
8.1383,30.023,0
8.1383,30.095,0
8.1383,30.168,0
8.1383,30.24,0
8.1383,30.312,0
8.1383,30.385,0
8.1383,30.457,0
8.1383,30.53,0
8.1383,30.602,0
8.1762,27.778,0
8.1762,27.851,0
8.1762,27.923,0
8.1762,27.995,0
8.1762,28.068,0
8.1762,28.14,0
8.1762,28.213,0
8.1762,28.285,0
8.1762,28.357,0
8.1762,28.43,0
8.1762,28.502,0
8.1762,28.575,0
8.1762,28.647,0
8.1762,28.719,0
8.1762,28.792,0
8.1762,28.864,0
8.1762,28.937,0
8.1762,29.009,0
8.1762,29.081,0
8.1762,29.154,0
8.1762,29.226,0
8.1762,29.299,0
8.1762,29.371,0
8.1762,29.444,0
8.1762,29.516,0
8.1762,29.588,0
8.1762,29.661,0
8.1762,29.733,0
8.1762,29.806,0
8.1762,29.878,0
8.1762,29.95,0
8.1762,30.023,0
8.1762,30.095,0
8.1762,30.168,0
8.1762,30.24,0
8.1762,30.312,0
8.1762,30.385,0
8.1762,30.457,0
8.1762,30.53,0
8.1762,30.602,0
8.2141,27.778,0
8.2141,27.851,0
8.2141,27.923,0
8.2141,27.995,0
8.2141,28.068,0
8.2141,28.14,0
8.2141,28.213,0
8.2141,28.285,0
8.2141,28.357,0
8.2141,28.43,0
8.2141,28.502,0
8.2141,28.575,0
8.2141,28.647,0
8.2141,28.719,0
8.2141,28.792,0
8.2141,28.864,0
8.2141,28.937,0
8.2141,29.009,0
8.2141,29.081,0
8.2141,29.154,0
8.2141,29.226,0
8.2141,29.299,0
8.2141,29.371,0
8.2141,29.444,0
8.2141,29.516,0
8.2141,29.588,0
8.2141,29.661,0
8.2141,29.733,0
8.2141,29.806,0
8.2141,29.878,0
8.2141,29.95,0
8.2141,30.023,0
8.2141,30.095,0
8.2141,30.168,0
8.2141,30.24,0
8.2141,30.312,0
8.2141,30.385,0
8.2141,30.457,0
8.2141,30.53,0
8.2141,30.602,0
8.252,27.778,0
8.252,27.851,0
8.252,27.923,0
8.252,27.995,0
8.252,28.068,0
8.252,28.14,0
8.252,28.213,0
8.252,28.285,0
8.252,28.357,0
8.252,28.43,0
8.252,28.502,0
8.252,28.575,0
8.252,28.647,0
8.252,28.719,0
8.252,28.792,0
8.252,28.864,0
8.252,28.937,0
8.252,29.009,0
8.252,29.081,0
8.252,29.154,0
8.252,29.226,0
8.252,29.299,0
8.252,29.371,0
8.252,29.444,0
8.252,29.516,0
8.252,29.588,0
8.252,29.661,0
8.252,29.733,0
8.252,29.806,0
8.252,29.878,0
8.252,29.95,0
8.252,30.023,0
8.252,30.095,0
8.252,30.168,0
8.252,30.24,0
8.252,30.312,0
8.252,30.385,0
8.252,30.457,0
8.252,30.53,0
8.252,30.602,0
8.2898,27.778,0
8.2898,27.851,0
8.2898,27.923,0
8.2898,27.995,0
8.2898,28.068,0
8.2898,28.14,0
8.2898,28.213,0
8.2898,28.285,0
8.2898,28.357,0
8.2898,28.43,0
8.2898,28.502,0
8.2898,28.575,0
8.2898,28.647,0
8.2898,28.719,0
8.2898,28.792,0
8.2898,28.864,0
8.2898,28.937,0
8.2898,29.009,0
8.2898,29.081,0
8.2898,29.154,0
8.2898,29.226,0
8.2898,29.299,0
8.2898,29.371,0
8.2898,29.444,0
8.2898,29.516,0
8.2898,29.588,0
8.2898,29.661,0
8.2898,29.733,0
8.2898,29.806,0
8.2898,29.878,0
8.2898,29.95,0
8.2898,30.023,0
8.2898,30.095,0
8.2898,30.168,0
8.2898,30.24,0
8.2898,30.312,0
8.2898,30.385,0
8.2898,30.457,0
8.2898,30.53,0
8.2898,30.602,0
8.3277,27.778,8.9053
8.3277,27.851,8.7393
8.3277,27.923,0
8.3277,27.995,0
8.3277,28.068,0
8.3277,28.14,0
8.3277,28.213,0
8.3277,28.285,0
8.3277,28.357,0
8.3277,28.43,0
8.3277,28.502,0
8.3277,28.575,0
8.3277,28.647,0
8.3277,28.719,0
8.3277,28.792,0
8.3277,28.864,0
8.3277,28.937,0
8.3277,29.009,0
8.3277,29.081,0
8.3277,29.154,0
8.3277,29.226,0
8.3277,29.299,0
8.3277,29.371,0
8.3277,29.444,0
8.3277,29.516,0
8.3277,29.588,0
8.3277,29.661,0
8.3277,29.733,0
8.3277,29.806,0
8.3277,29.878,0
8.3277,29.95,0
8.3277,30.023,0
8.3277,30.095,0
8.3277,30.168,0
8.3277,30.24,0
8.3277,30.312,0
8.3277,30.385,0
8.3277,30.457,0
8.3277,30.53,0
8.3277,30.602,0
8.3656,27.778,9.0724
8.3656,27.851,8.8995
8.3656,27.923,0
8.3656,27.995,0
8.3656,28.068,0
8.3656,28.14,0
8.3656,28.213,0
8.3656,28.285,0
8.3656,28.357,0
8.3656,28.43,0
8.3656,28.502,0
8.3656,28.575,0
8.3656,28.647,0
8.3656,28.719,0
8.3656,28.792,0
8.3656,28.864,0
8.3656,28.937,0
8.3656,29.009,0
8.3656,29.081,0
8.3656,29.154,0
8.3656,29.226,0
8.3656,29.299,0
8.3656,29.371,0
8.3656,29.444,0
8.3656,29.516,0
8.3656,29.588,0
8.3656,29.661,0
8.3656,29.733,0
8.3656,29.806,0
8.3656,29.878,0
8.3656,29.95,0
8.3656,30.023,0
8.3656,30.095,0
8.3656,30.168,0
8.3656,30.24,0
8.3656,30.312,0
8.3656,30.385,0
8.3656,30.457,0
8.3656,30.53,0
8.3656,30.602,0
8.4035,27.778,9.2405
8.4035,27.851,9.0643
8.4035,27.923,0
8.4035,27.995,0
8.4035,28.068,0
8.4035,28.14,0
8.4035,28.213,0
8.4035,28.285,0
8.4035,28.357,0
8.4035,28.43,0
8.4035,28.502,0
8.4035,28.575,0
8.4035,28.647,0
8.4035,28.719,0
8.4035,28.792,0
8.4035,28.864,0
8.4035,28.937,0
8.4035,29.009,0
8.4035,29.081,0
8.4035,29.154,0
8.4035,29.226,0
8.4035,29.299,0
8.4035,29.371,0
8.4035,29.444,0
8.4035,29.516,0
8.4035,29.588,0
8.4035,29.661,0
8.4035,29.733,0
8.4035,29.806,0
8.4035,29.878,0
8.4035,29.95,0
8.4035,30.023,0
8.4035,30.095,0
8.4035,30.168,0
8.4035,30.24,0
8.4035,30.312,0
8.4035,30.385,0
8.4035,30.457,0
8.4035,30.53,0
8.4035,30.602,0
8.4414,27.778,9.405
8.4414,27.851,9.2317
8.4414,27.923,0
8.4414,27.995,8.9082
8.4414,28.068,0
8.4414,28.14,0
8.4414,28.213,0
8.4414,28.285,0
8.4414,28.357,0
8.4414,28.43,0
8.4414,28.502,0
8.4414,28.575,0
8.4414,28.647,0
8.4414,28.719,0
8.4414,28.792,0
8.4414,28.864,0
8.4414,28.937,0
8.4414,29.009,0
8.4414,29.081,0
8.4414,29.154,0
8.4414,29.226,0
8.4414,29.299,0
8.4414,29.371,0
8.4414,29.444,0
8.4414,29.516,0
8.4414,29.588,0
8.4414,29.661,0
8.4414,29.733,0
8.4414,29.806,0
8.4414,29.878,0
8.4414,29.95,0
8.4414,30.023,0
8.4414,30.095,0
8.4414,30.168,0
8.4414,30.24,0
8.4414,30.312,0
8.4414,30.385,0
8.4414,30.457,0
8.4414,30.53,0
8.4414,30.602,0
8.4792,27.778,9.5625
8.4792,27.851,9.4
8.4792,27.923,9.2288
8.4792,27.995,9.0652
8.4792,28.068,0
8.4792,28.14,0
8.4792,28.213,0
8.4792,28.285,0
8.4792,28.357,0
8.4792,28.43,0
8.4792,28.502,0
8.4792,28.575,0
8.4792,28.647,0
8.4792,28.719,0
8.4792,28.792,0
8.4792,28.864,0
8.4792,28.937,0
8.4792,29.009,0
8.4792,29.081,0
8.4792,29.154,0
8.4792,29.226,0
8.4792,29.299,0
8.4792,29.371,0
8.4792,29.444,0
8.4792,29.516,0
8.4792,29.588,0
8.4792,29.661,0
8.4792,29.733,0
8.4792,29.806,0
8.4792,29.878,0
8.4792,29.95,0
8.4792,30.023,0
8.4792,30.095,0
8.4792,30.168,0
8.4792,30.24,0
8.4792,30.312,0
8.4792,30.385,0
8.4792,30.457,0
8.4792,30.53,0
8.4792,30.602,0
8.5171,27.778,9.713
8.5171,27.851,9.5636
8.5171,27.923,9.3944
8.5171,27.995,9.2246
8.5171,28.068,9.0673
8.5171,28.14,0
8.5171,28.213,0
8.5171,28.285,0
8.5171,28.357,0
8.5171,28.43,0
8.5171,28.502,0
8.5171,28.575,0
8.5171,28.647,0
8.5171,28.719,0
8.5171,28.792,0
8.5171,28.864,0
8.5171,28.937,0
8.5171,29.009,0
8.5171,29.081,0
8.5171,29.154,0
8.5171,29.226,0
8.5171,29.299,0
8.5171,29.371,0
8.5171,29.444,0
8.5171,29.516,0
8.5171,29.588,0
8.5171,29.661,0
8.5171,29.733,0
8.5171,29.806,0
8.5171,29.878,0
8.5171,29.95,0
8.5171,30.023,0
8.5171,30.095,0
8.5171,30.168,0
8.5171,30.24,0
8.5171,30.312,0
8.5171,30.385,0
8.5171,30.457,0
8.5171,30.53,0
8.5171,30.602,0
8.555,27.778,9.8575
8.555,27.851,9.7212
8.555,27.923,9.5622
8.555,27.995,9.3874
8.555,28.068,9.2177
8.555,28.14,9.0743
8.555,28.213,0
8.555,28.285,0
8.555,28.357,0
8.555,28.43,0
8.555,28.502,0
8.555,28.575,0
8.555,28.647,0
8.555,28.719,0
8.555,28.792,0
8.555,28.864,0
8.555,28.937,0
8.555,29.009,0
8.555,29.081,0
8.555,29.154,0
8.555,29.226,0
8.555,29.299,0
8.555,29.371,0
8.555,29.444,0
8.555,29.516,0
8.555,29.588,0
8.555,29.661,0
8.555,29.733,0
8.555,29.806,0
8.555,29.878,0
8.555,29.95,0
8.555,30.023,0
8.555,30.095,0
8.555,30.168,0
8.555,30.24,0
8.555,30.312,0
8.555,30.385,0
8.555,30.457,0
8.555,30.53,0
8.555,30.602,0
8.5929,27.778,9.9962
8.5929,27.851,9.8711
8.5929,27.923,9.7249
8.5929,27.995,9.5538
8.5929,28.068,9.3807
8.5929,28.14,9.2147
8.5929,28.213,0
8.5929,28.285,0
8.5929,28.357,0
8.5929,28.43,0
8.5929,28.502,0
8.5929,28.575,0
8.5929,28.647,0
8.5929,28.719,0
8.5929,28.792,0
8.5929,28.864,0
8.5929,28.937,0
8.5929,29.009,0
8.5929,29.081,0
8.5929,29.154,0
8.5929,29.226,0
8.5929,29.299,0
8.5929,29.371,0
8.5929,29.444,0
8.5929,29.516,0
8.5929,29.588,0
8.5929,29.661,0
8.5929,29.733,0
8.5929,29.806,0
8.5929,29.878,0
8.5929,29.95,0
8.5929,30.023,0
8.5929,30.095,0
8.5929,30.168,0
8.5929,30.24,0
8.5929,30.312,0
8.5929,30.385,0
8.5929,30.457,0
8.5929,30.53,0
8.5929,30.602,0
8.6307,27.778,10.132
8.6307,27.851,10.015
8.6307,27.923,9.8787
8.6307,27.995,9.7212
8.6307,28.068,9.545
8.6307,28.14,9.3685
8.6307,28.213,9.234
8.6307,28.285,0
8.6307,28.357,0
8.6307,28.43,9.0074
8.6307,28.502,0
8.6307,28.575,0
8.6307,28.647,0
8.6307,28.719,0
8.6307,28.792,0
8.6307,28.864,0
8.6307,28.937,0
8.6307,29.009,0
8.6307,29.081,0
8.6307,29.154,0
8.6307,29.226,0
8.6307,29.299,0
8.6307,29.371,0
8.6307,29.444,0
8.6307,29.516,0
8.6307,29.588,0
8.6307,29.661,0
8.6307,29.733,0
8.6307,29.806,0
8.6307,29.878,0
8.6307,29.95,0
8.6307,30.023,0
8.6307,30.095,0
8.6307,30.168,0
8.6307,30.24,0
8.6307,30.312,0
8.6307,30.385,0
8.6307,30.457,0
8.6307,30.53,0
8.6307,30.602,0
8.6686,27.778,10.258
8.6686,27.851,10.153
8.6686,27.923,10.026
8.6686,27.995,9.884
8.6686,28.068,9.7131
8.6686,28.14,9.5357
8.6686,28.213,9.3717
8.6686,28.285,9.2708
8.6686,28.357,0
8.6686,28.43,9.1188
8.6686,28.502,0
8.6686,28.575,0
8.6686,28.647,0
8.6686,28.719,0
8.6686,28.792,0
8.6686,28.864,0
8.6686,28.937,0
8.6686,29.009,0
8.6686,29.081,0
8.6686,29.154,0
8.6686,29.226,0
8.6686,29.299,0
8.6686,29.371,0
8.6686,29.444,0
8.6686,29.516,0
8.6686,29.588,0
8.6686,29.661,0
8.6686,29.733,0
8.6686,29.806,0
8.6686,29.878,0
8.6686,29.95,0
8.6686,30.023,0
8.6686,30.095,0
8.6686,30.168,0
8.6686,30.24,0
8.6686,30.312,0
8.6686,30.385,0
8.6686,30.457,0
8.6686,30.53,0
8.6686,30.602,0
8.7065,27.778,10.38
8.7065,27.851,10.288
8.7065,27.923,10.17
8.7065,27.995,10.037
8.7065,28.068,9.8814
8.7065,28.14,9.703
8.7065,28.213,9.5273
8.7065,28.285,9.3962
8.7065,28.357,9.3069
8.7065,28.43,9.2302
8.7065,28.502,0
8.7065,28.575,0
8.7065,28.647,0
8.7065,28.719,0
8.7065,28.792,0
8.7065,28.864,0
8.7065,28.937,0
8.7065,29.009,0
8.7065,29.081,0
8.7065,29.154,0
8.7065,29.226,0
8.7065,29.299,0
8.7065,29.371,0
8.7065,29.444,0
8.7065,29.516,0
8.7065,29.588,0
8.7065,29.661,0
8.7065,29.733,0
8.7065,29.806,0
8.7065,29.878,0
8.7065,29.95,0
8.7065,30.023,0
8.7065,30.095,0
8.7065,30.168,0
8.7065,30.24,0
8.7065,30.312,0
8.7065,30.385,0
8.7065,30.457,0
8.7065,30.53,0
8.7065,30.602,0
8.7444,27.778,10.502
8.7444,27.851,10.413
8.7444,27.923,10.31
8.7444,27.995,10.184
8.7444,28.068,10.044
8.7444,28.14,9.8702
8.7444,28.213,9.6947
8.7444,28.285,9.5331
8.7444,28.357,9.4242
8.7444,28.43,9.3416
8.7444,28.502,0
8.7444,28.575,0
8.7444,28.647,0
8.7444,28.719,0
8.7444,28.792,0
8.7444,28.864,0
8.7444,28.937,0
8.7444,29.009,0
8.7444,29.081,0
8.7444,29.154,0
8.7444,29.226,0
8.7444,29.299,0
8.7444,29.371,0
8.7444,29.444,0
8.7444,29.516,0
8.7444,29.588,0
8.7444,29.661,0
8.7444,29.733,0
8.7444,29.806,0
8.7444,29.878,0
8.7444,29.95,0
8.7444,30.023,0
8.7444,30.095,0
8.7444,30.168,0
8.7444,30.24,0
8.7444,30.312,0
8.7444,30.385,0
8.7444,30.457,0
8.7444,30.53,0
8.7444,30.602,0
8.7823,27.778,10.614
8.7823,27.851,10.536
8.7823,27.923,10.441
8.7823,27.995,10.327
8.7823,28.068,10.198
8.7823,28.14,10.037
8.7823,28.213,9.8621
8.7823,28.285,9.6916
8.7823,28.357,9.5465
8.7823,28.43,9.4599
8.7823,28.502,0
8.7823,28.575,0
8.7823,28.647,9.2372
8.7823,28.719,0
8.7823,28.792,0
8.7823,28.864,0
8.7823,28.937,0
8.7823,29.009,0
8.7823,29.081,0
8.7823,29.154,0
8.7823,29.226,0
8.7823,29.299,0
8.7823,29.371,0
8.7823,29.444,0
8.7823,29.516,0
8.7823,29.588,0
8.7823,29.661,0
8.7823,29.733,0
8.7823,29.806,0
8.7823,29.878,0
8.7823,29.95,0
8.7823,30.023,0
8.7823,30.095,0
8.7823,30.168,0
8.7823,30.24,0
8.7823,30.312,0
8.7823,30.385,0
8.7823,30.457,0
8.7823,30.53,0
8.7823,30.602,0
8.8201,27.778,10.726
8.8201,27.851,10.657
8.8201,27.923,10.568
8.8201,27.995,10.467
8.8201,28.068,10.346
8.8201,28.14,10.197
8.8201,28.213,10.03
8.8201,28.285,9.855
8.8201,28.357,9.6971
8.8201,28.43,9.5786
8.8201,28.502,9.4963
8.8201,28.575,0
8.8201,28.647,9.3528
8.8201,28.719,9.2676
8.8201,28.792,0
8.8201,28.864,0
8.8201,28.937,0
8.8201,29.009,0
8.8201,29.081,0
8.8201,29.154,0
8.8201,29.226,0
8.8201,29.299,0
8.8201,29.371,0
8.8201,29.444,0
8.8201,29.516,0
8.8201,29.588,0
8.8201,29.661,0
8.8201,29.733,0
8.8201,29.806,0
8.8201,29.878,0
8.8201,29.95,0
8.8201,30.023,0
8.8201,30.095,0
8.8201,30.168,0
8.8201,30.24,0
8.8201,30.312,0
8.8201,30.385,0
8.8201,30.457,0
8.8201,30.53,0
8.8201,30.602,0
8.858,27.778,10.837
8.858,27.851,10.769
8.858,27.923,10.692
8.858,27.995,10.597
8.858,28.068,10.486
8.858,28.14,10.351
8.858,28.213,10.197
8.858,28.285,10.023
8.858,28.357,9.8521
8.858,28.43,9.7025
8.858,28.502,9.606
8.858,28.575,9.5397
8.858,28.647,9.4683
8.858,28.719,9.3866
8.858,28.792,0
8.858,28.864,0
8.858,28.937,0
8.858,29.009,0
8.858,29.081,0
8.858,29.154,0
8.858,29.226,0
8.858,29.299,0
8.858,29.371,0
8.858,29.444,0
8.858,29.516,0
8.858,29.588,0
8.858,29.661,0
8.858,29.733,0
8.858,29.806,0
8.858,29.878,0
8.858,29.95,0
8.858,30.023,0
8.858,30.095,0
8.858,30.168,0
8.858,30.24,0
8.858,30.312,0
8.858,30.385,0
8.858,30.457,0
8.858,30.53,0
8.858,30.602,0
8.8959,27.778,10.944
8.8959,27.851,10.881
8.8959,27.923,10.808
8.8959,27.995,10.723
8.8959,28.068,10.624
8.8959,28.14,10.5
8.8959,28.213,10.355
8.8959,28.285,10.196
8.8959,28.357,10.02
8.8959,28.43,9.8565
8.8959,28.502,9.7157
8.8959,28.575,9.6484
8.8959,28.647,9.5822
8.8959,28.719,9.5055
8.8959,28.792,0
8.8959,28.864,0
8.8959,28.937,0
8.8959,29.009,0
8.8959,29.081,0
8.8959,29.154,0
8.8959,29.226,0
8.8959,29.299,0
8.8959,29.371,0
8.8959,29.444,0
8.8959,29.516,0
8.8959,29.588,0
8.8959,29.661,0
8.8959,29.733,0
8.8959,29.806,0
8.8959,29.878,0
8.8959,29.95,0
8.8959,30.023,0
8.8959,30.095,0
8.8959,30.168,0
8.8959,30.24,0
8.8959,30.312,0
8.8959,30.385,0
8.8959,30.457,0
8.8959,30.53,0
8.8959,30.602,0
8.9338,27.778,11.049
8.9338,27.851,10.991
8.9338,27.923,10.922
8.9338,27.995,10.848
8.9338,28.068,10.757
8.9338,28.14,10.642
8.9338,28.213,10.51
8.9338,28.285,10.358
8.9338,28.357,10.187
8.9338,28.43,10.013
8.9338,28.502,9.857
8.9338,28.575,9.7572
8.9338,28.647,9.6894
8.9338,28.719,9.6235
8.9338,28.792,0
8.9338,28.864,9.4462
8.9338,28.937,0
8.9338,29.009,0
8.9338,29.081,0
8.9338,29.154,0
8.9338,29.226,0
8.9338,29.299,0
8.9338,29.371,0
8.9338,29.444,0
8.9338,29.516,0
8.9338,29.588,0
8.9338,29.661,0
8.9338,29.733,0
8.9338,29.806,0
8.9338,29.878,0
8.9338,29.95,0
8.9338,30.023,0
8.9338,30.095,0
8.9338,30.168,0
8.9338,30.24,0
8.9338,30.312,0
8.9338,30.385,0
8.9338,30.457,0
8.9338,30.53,0
8.9338,30.602,0
8.9717,27.778,11.151
8.9717,27.851,11.099
8.9717,27.923,11.036
8.9717,27.995,10.963
8.9717,28.068,10.88
8.9717,28.14,10.781
8.9717,28.213,10.657
8.9717,28.285,10.517
8.9717,28.357,10.353
8.9717,28.43,10.174
8.9717,28.502,10
8.9717,28.575,9.8879
8.9717,28.647,9.7966
8.9717,28.719,9.7361
8.9717,28.792,0
8.9717,28.864,9.5745
8.9717,28.937,9.4641
8.9717,29.009,0
8.9717,29.081,0
8.9717,29.154,0
8.9717,29.226,0
8.9717,29.299,0
8.9717,29.371,0
8.9717,29.444,0
8.9717,29.516,0
8.9717,29.588,0
8.9717,29.661,0
8.9717,29.733,0
8.9717,29.806,0
8.9717,29.878,0
8.9717,29.95,0
8.9717,30.023,0
8.9717,30.095,0
8.9717,30.168,0
8.9717,30.24,0
8.9717,30.312,0
8.9717,30.385,0
8.9717,30.457,0
8.9717,30.53,0
8.9717,30.602,0
9.0095,27.778,11.251
9.0095,27.851,11.203
9.0095,27.923,11.146
9.0095,27.995,11.077
9.0095,28.068,11.003
9.0095,28.14,10.909
9.0095,28.213,10.799
9.0095,28.285,10.672
9.0095,28.357,10.516
9.0095,28.43,10.344
9.0095,28.502,10.166
9.0095,28.575,10.019
9.0095,28.647,9.9054
9.0095,28.719,9.8487
9.0095,28.792,9.78
9.0095,28.864,9.7027
9.0095,28.937,9.6005
9.0095,29.009,0
9.0095,29.081,0
9.0095,29.154,0
9.0095,29.226,0
9.0095,29.299,0
9.0095,29.371,0
9.0095,29.444,0
9.0095,29.516,0
9.0095,29.588,0
9.0095,29.661,0
9.0095,29.733,0
9.0095,29.806,0
9.0095,29.878,0
9.0095,29.95,0
9.0095,30.023,0
9.0095,30.095,0
9.0095,30.168,0
9.0095,30.24,0
9.0095,30.312,0
9.0095,30.385,0
9.0095,30.457,0
9.0095,30.53,0
9.0095,30.602,0
9.0474,27.778,11.35
9.0474,27.851,11.305
9.0474,27.923,11.252
9.0474,27.995,11.19
9.0474,28.068,11.119
9.0474,28.14,11.035
9.0474,28.213,10.938
9.0474,28.285,10.819
9.0474,28.357,10.673
9.0474,28.43,10.513
9.0474,28.502,10.333
9.0474,28.575,10.171
9.0474,28.647,10.043
9.0474,28.719,9.962
9.0474,28.792,9.8938
9.0474,28.864,9.8229
9.0474,28.937,9.7369
9.0474,29.009,9.6171
9.0474,29.081,0
9.0474,29.154,0
9.0474,29.226,0
9.0474,29.299,0
9.0474,29.371,0
9.0474,29.444,0
9.0474,29.516,0
9.0474,29.588,0
9.0474,29.661,0
9.0474,29.733,0
9.0474,29.806,0
9.0474,29.878,0
9.0474,29.95,0
9.0474,30.023,0
9.0474,30.095,0
9.0474,30.168,0
9.0474,30.24,0
9.0474,30.312,0
9.0474,30.385,0
9.0474,30.457,0
9.0474,30.53,0
9.0474,30.602,0
9.0853,27.778,11.443
9.0853,27.851,11.405
9.0853,27.923,11.357
9.0853,27.995,11.3
9.0853,28.068,11.233
9.0853,28.14,11.159
9.0853,28.213,11.065
9.0853,28.285,10.957
9.0853,28.357,10.826
9.0853,28.43,10.675
9.0853,28.502,10.5
9.0853,28.575,10.33
9.0853,28.647,10.18
9.0853,28.719,10.079
9.0853,28.792,10.005
9.0853,28.864,9.935
9.0853,28.937,9.8585
9.0853,29.009,9.7539
9.0853,29.081,9.6331
9.0853,29.154,0
9.0853,29.226,0
9.0853,29.299,0
9.0853,29.371,0
9.0853,29.444,0
9.0853,29.516,0
9.0853,29.588,0
9.0853,29.661,0
9.0853,29.733,0
9.0853,29.806,0
9.0853,29.878,0
9.0853,29.95,0
9.0853,30.023,0
9.0853,30.095,0
9.0853,30.168,0
9.0853,30.24,0
9.0853,30.312,0
9.0853,30.385,0
9.0853,30.457,0
9.0853,30.53,0
9.0853,30.602,0
9.1232,27.778,11.536
9.1232,27.851,11.503
9.1232,27.923,11.459
9.1232,27.995,11.407
9.1232,28.068,11.345
9.1232,28.14,11.277
9.1232,28.213,11.191
9.1232,28.285,11.094
9.1232,28.357,10.971
9.1232,28.43,10.832
9.1232,28.502,10.678
9.1232,28.575,10.496
9.1232,28.647,10.332
9.1232,28.719,10.197
9.1232,28.792,10.113
9.1232,28.864,10.047
9.1232,28.937,9.9739
9.1232,29.009,9.8907
9.1232,29.081,9.7772
9.1232,29.154,0
9.1232,29.226,0
9.1232,29.299,0
9.1232,29.371,0
9.1232,29.444,0
9.1232,29.516,0
9.1232,29.588,0
9.1232,29.661,0
9.1232,29.733,0
9.1232,29.806,0
9.1232,29.878,0
9.1232,29.95,0
9.1232,30.023,0
9.1232,30.095,0
9.1232,30.168,0
9.1232,30.24,0
9.1232,30.312,0
9.1232,30.385,0
9.1232,30.457,0
9.1232,30.53,0
9.1232,30.602,0
9.161,27.778,11.629
9.161,27.851,11.596
9.161,27.923,11.559
9.161,27.995,11.511
9.161,28.068,11.454
9.161,28.14,11.388
9.161,28.213,11.314
9.161,28.285,11.223
9.161,28.357,11.114
9.161,28.43,10.985
9.161,28.502,10.835
9.161,28.575,10.665
9.161,28.647,10.489
9.161,28.719,10.336
9.161,28.792,10.22
9.161,28.864,10.158
9.161,28.937,10.089
9.161,29.009,10.012
9.161,29.081,9.9213
9.161,29.154,0
9.161,29.226,0
9.161,29.299,0
9.161,29.371,0
9.161,29.444,0
9.161,29.516,0
9.161,29.588,0
9.161,29.661,0
9.161,29.733,0
9.161,29.806,0
9.161,29.878,0
9.161,29.95,0
9.161,30.023,0
9.161,30.095,0
9.161,30.168,0
9.161,30.24,0
9.161,30.312,0
9.161,30.385,0
9.161,30.457,0
9.161,30.53,0
9.161,30.602,0
9.1989,27.778,11.721
9.1989,27.851,11.689
9.1989,27.923,11.657
9.1989,27.995,11.612
9.1989,28.068,11.561
9.1989,28.14,11.5
9.1989,28.213,11.431
9.1989,28.285,11.347
9.1989,28.357,11.251
9.1989,28.43,11.129
9.1989,28.502,10.993
9.1989,28.575,10.83
9.1989,28.647,10.655
9.1989,28.719,10.484
9.1989,28.792,10.349
9.1989,28.864,10.268
9.1989,28.937,10.201
9.1989,29.009,10.13
9.1989,29.081,10.047
9.1989,29.154,0
9.1989,29.226,9.796
9.1989,29.299,0
9.1989,29.371,0
9.1989,29.444,0
9.1989,29.516,0
9.1989,29.588,0
9.1989,29.661,0
9.1989,29.733,0
9.1989,29.806,0
9.1989,29.878,0
9.1989,29.95,0
9.1989,30.023,0
9.1989,30.095,0
9.1989,30.168,0
9.1989,30.24,0
9.1989,30.312,0
9.1989,30.385,0
9.1989,30.457,0
9.1989,30.53,0
9.1989,30.602,0
9.2368,27.778,11.804
9.2368,27.851,11.782
9.2368,27.923,11.75
9.2368,27.995,11.712
9.2368,28.068,11.665
9.2368,28.14,11.609
9.2368,28.213,11.543
9.2368,28.285,11.468
9.2368,28.357,11.381
9.2368,28.43,11.271
9.2368,28.502,11.145
9.2368,28.575,10.994
9.2368,28.647,10.825
9.2368,28.719,10.65
9.2368,28.792,10.489
9.2368,28.864,10.377
9.2368,28.937,10.312
9.2368,29.009,10.247
9.2368,29.081,10.169
9.2368,29.154,10.069
9.2368,29.226,9.9509
9.2368,29.299,0
9.2368,29.371,0
9.2368,29.444,0
9.2368,29.516,0
9.2368,29.588,0
9.2368,29.661,0
9.2368,29.733,0
9.2368,29.806,0
9.2368,29.878,0
9.2368,29.95,0
9.2368,30.023,0
9.2368,30.095,0
9.2368,30.168,0
9.2368,30.24,0
9.2368,30.312,0
9.2368,30.385,0
9.2368,30.457,0
9.2368,30.53,0
9.2368,30.602,0
9.2747,27.778,11.887
9.2747,27.851,11.874
9.2747,27.923,11.842
9.2747,27.995,11.81
9.2747,28.068,11.766
9.2747,28.14,11.715
9.2747,28.213,11.655
9.2747,28.285,11.583
9.2747,28.357,11.504
9.2747,28.43,11.408
9.2747,28.502,11.289
9.2747,28.575,11.151
9.2747,28.647,10.989
9.2747,28.719,10.818
9.2747,28.792,10.647
9.2747,28.864,10.509
9.2747,28.937,10.423
9.2747,29.009,10.359
9.2747,29.081,10.291
9.2747,29.154,10.197
9.2747,29.226,10.1
9.2747,29.299,0
9.2747,29.371,0
9.2747,29.444,0
9.2747,29.516,0
9.2747,29.588,0
9.2747,29.661,0
9.2747,29.733,0
9.2747,29.806,0
9.2747,29.878,0
9.2747,29.95,0
9.2747,30.023,0
9.2747,30.095,0
9.2747,30.168,0
9.2747,30.24,0
9.2747,30.312,0
9.2747,30.385,0
9.2747,30.457,0
9.2747,30.53,0
9.2747,30.602,0
9.3126,27.778,11.975
9.3126,27.851,11.956
9.3126,27.923,11.935
9.3126,27.995,11.903
9.3126,28.068,11.866
9.3126,28.14,11.819
9.3126,28.213,11.763
9.3126,28.285,11.698
9.3126,28.357,11.625
9.3126,28.43,11.537
9.3126,28.502,11.428
9.3126,28.575,11.301
9.3126,28.647,11.154
9.3126,28.719,10.987
9.3126,28.792,10.808
9.3126,28.864,10.646
9.3126,28.937,10.544
9.3126,29.009,10.47
9.3126,29.081,10.404
9.3126,29.154,10.322
9.3126,29.226,10.229
9.3126,29.299,0
9.3126,29.371,0
9.3126,29.444,0
9.3126,29.516,0
9.3126,29.588,0
9.3126,29.661,0
9.3126,29.733,0
9.3126,29.806,0
9.3126,29.878,0
9.3126,29.95,0
9.3126,30.023,0
9.3126,30.095,0
9.3126,30.168,0
9.3126,30.24,0
9.3126,30.312,0
9.3126,30.385,0
9.3126,30.457,0
9.3126,30.53,0
9.3126,30.602,0
9.3504,27.778,12.061
9.3504,27.851,12.039
9.3504,27.923,12.027
9.3504,27.995,11.996
9.3504,28.068,11.964
9.3504,28.14,11.92
9.3504,28.213,11.869
9.3504,28.285,11.809
9.3504,28.357,11.738
9.3504,28.43,11.659
9.3504,28.502,11.563
9.3504,28.575,11.448
9.3504,28.647,11.309
9.3504,28.719,11.154
9.3504,28.792,10.972
9.3504,28.864,10.805
9.3504,28.937,10.666
9.3504,29.009,10.583
9.3504,29.081,10.517
9.3504,29.154,10.439
9.3504,29.226,10.358
9.3504,29.299,10.251
9.3504,29.371,10.116
9.3504,29.444,0
9.3504,29.516,0
9.3504,29.588,0
9.3504,29.661,0
9.3504,29.733,0
9.3504,29.806,0
9.3504,29.878,0
9.3504,29.95,0
9.3504,30.023,0
9.3504,30.095,0
9.3504,30.168,0
9.3504,30.24,0
9.3504,30.312,0
9.3504,30.385,0
9.3504,30.457,0
9.3504,30.53,0
9.3504,30.602,0
9.3883,27.778,12.147
9.3883,27.851,12.127
9.3883,27.923,12.109
9.3883,27.995,12.088
9.3883,28.068,12.056
9.3883,28.14,12.02
9.3883,28.213,11.973
9.3883,28.285,11.918
9.3883,28.357,11.853
9.3883,28.43,11.78
9.3883,28.502,11.69
9.3883,28.575,11.586
9.3883,28.647,11.459
9.3883,28.719,11.314
9.3883,28.792,11.141
9.3883,28.864,10.967
9.3883,28.937,10.81
9.3883,29.009,10.701
9.3883,29.081,10.627
9.3883,29.154,10.556
9.3883,29.226,10.48
9.3883,29.299,10.392
9.3883,29.371,10.269
9.3883,29.444,0
9.3883,29.516,0
9.3883,29.588,0
9.3883,29.661,0
9.3883,29.733,0
9.3883,29.806,0
9.3883,29.878,0
9.3883,29.95,0
9.3883,30.023,0
9.3883,30.095,0
9.3883,30.168,0
9.3883,30.24,0
9.3883,30.312,0
9.3883,30.385,0
9.3883,30.457,0
9.3883,30.53,0
9.3883,30.602,0
9.4262,27.778,12.232
9.4262,27.851,12.214
9.4262,27.923,12.192
9.4262,27.995,12.18
9.4262,28.068,12.149
9.4262,28.14,12.117
9.4262,28.213,12.074
9.4262,28.285,12.024
9.4262,28.357,11.964
9.4262,28.43,11.894
9.4262,28.502,11.816
9.4262,28.575,11.72
9.4262,28.647,11.605
9.4262,28.719,11.467
9.4262,28.792,11.311
9.4262,28.864,11.131
9.4262,28.937,10.963
9.4262,29.009,10.821
9.4262,29.081,10.734
9.4262,29.154,10.667
9.4262,29.226,10.595
9.4262,29.299,10.514
9.4262,29.371,10.416
9.4262,29.444,10.273
9.4262,29.516,0
9.4262,29.588,0
9.4262,29.661,0
9.4262,29.733,0
9.4262,29.806,0
9.4262,29.878,0
9.4262,29.95,0
9.4262,30.023,0
9.4262,30.095,0
9.4262,30.168,0
9.4262,30.24,0
9.4262,30.312,0
9.4262,30.385,0
9.4262,30.457,0
9.4262,30.53,0
9.4262,30.602,0
9.4641,27.778,12.315
9.4641,27.851,12.3
9.4641,27.923,12.28
9.4641,27.995,12.261
9.4641,28.068,12.242
9.4641,28.14,12.21
9.4641,28.213,12.174
9.4641,28.285,12.127
9.4641,28.357,12.073
9.4641,28.43,12.008
9.4641,28.502,11.936
9.4641,28.575,11.846
9.4641,28.647,11.743
9.4641,28.719,11.616
9.4641,28.792,11.471
9.4641,28.864,11.301
9.4641,28.937,11.128
9.4641,29.009,10.967
9.4641,29.081,10.84
9.4641,29.154,10.777
9.4641,29.226,10.71
9.4641,29.299,10.633
9.4641,29.371,10.544
9.4641,29.444,10.424
9.4641,29.516,10.275
9.4641,29.588,0
9.4641,29.661,0
9.4641,29.733,0
9.4641,29.806,0
9.4641,29.878,0
9.4641,29.95,0
9.4641,30.023,0
9.4641,30.095,0
9.4641,30.168,0
9.4641,30.24,0
9.4641,30.312,0
9.4641,30.385,0
9.4641,30.457,0
9.4641,30.53,0
9.4641,30.602,0
9.5019,27.778,12.401
9.5019,27.851,12.384
9.5019,27.923,12.367
9.5019,27.995,12.345
9.5019,28.068,12.333
9.5019,28.14,12.302
9.5019,28.213,12.271
9.5019,28.285,12.228
9.5019,28.357,12.178
9.5019,28.43,12.119
9.5019,28.502,12.049
9.5019,28.575,11.972
9.5019,28.647,11.876
9.5019,28.719,11.76
9.5019,28.792,11.628
9.5019,28.864,11.47
9.5019,28.937,11.303
9.5019,29.009,11.122
9.5019,29.081,10.977
9.5019,29.154,10.89
9.5019,29.226,10.821
9.5019,29.299,10.75
9.5019,29.371,10.673
9.5019,29.444,10.572
9.5019,29.516,10.432
9.5019,29.588,10.27
9.5019,29.661,0
9.5019,29.733,0
9.5019,29.806,0
9.5019,29.878,0
9.5019,29.95,0
9.5019,30.023,0
9.5019,30.095,0
9.5019,30.168,0
9.5019,30.24,0
9.5019,30.312,0
9.5019,30.385,0
9.5019,30.457,0
9.5019,30.53,0
9.5019,30.602,0
9.5398,27.778,12.484
9.5398,27.851,12.468
9.5398,27.923,12.452
9.5398,27.995,12.433
9.5398,28.068,12.413
9.5398,28.14,12.395
9.5398,28.213,12.363
9.5398,28.285,12.328
9.5398,28.357,12.282
9.5398,28.43,12.227
9.5398,28.502,12.163
9.5398,28.575,12.092
9.5398,28.647,12.003
9.5398,28.719,11.901
9.5398,28.792,11.776
9.5398,28.864,11.63
9.5398,28.937,11.459
9.5398,29.009,11.289
9.5398,29.081,11.123
9.5398,29.154,11.007
9.5398,29.226,10.931
9.5398,29.299,10.864
9.5398,29.371,10.79
9.5398,29.444,10.699
9.5398,29.516,10.583
9.5398,29.588,10.442
9.5398,29.661,0
9.5398,29.733,0
9.5398,29.806,0
9.5398,29.878,0
9.5398,29.95,0
9.5398,30.023,0
9.5398,30.095,0
9.5398,30.168,0
9.5398,30.24,0
9.5398,30.312,0
9.5398,30.385,0
9.5398,30.457,0
9.5398,30.53,0
9.5398,30.602,0
9.5777,27.778,12.566
9.5777,27.851,12.554
9.5777,27.923,12.537
9.5777,27.995,12.52
9.5777,28.068,12.498
9.5777,28.14,12.484
9.5777,28.213,12.456
9.5777,28.285,12.425
9.5777,28.357,12.383
9.5777,28.43,12.333
9.5777,28.502,12.274
9.5777,28.575,12.205
9.5777,28.647,12.128
9.5777,28.719,12.034
9.5777,28.792,11.918
9.5777,28.864,11.786
9.5777,28.937,11.627
9.5777,29.009,11.462
9.5777,29.081,11.286
9.5777,29.154,11.137
9.5777,29.226,11.043
9.5777,29.299,10.978
9.5777,29.371,10.905
9.5777,29.444,10.826
9.5777,29.516,10.727
9.5777,29.588,10.597
9.5777,29.661,10.429
9.5777,29.733,0
9.5777,29.806,0
9.5777,29.878,0
9.5777,29.95,0
9.5777,30.023,0
9.5777,30.095,0
9.5777,30.168,0
9.5777,30.24,0
9.5777,30.312,0
9.5777,30.385,0
9.5777,30.457,0
9.5777,30.53,0
9.5777,30.602,0
9.6156,27.778,12.649
9.6156,27.851,12.637
9.6156,27.923,12.621
9.6156,27.995,12.605
9.6156,28.068,12.586
9.6156,28.14,12.565
9.6156,28.213,12.549
9.6156,28.285,12.516
9.6156,28.357,12.482
9.6156,28.43,12.436
9.6156,28.502,12.382
9.6156,28.575,12.319
9.6156,28.647,12.247
9.6156,28.719,12.16
9.6156,28.792,12.059
9.6156,28.864,11.934
9.6156,28.937,11.791
9.6156,29.009,11.619
9.6156,29.081,11.447
9.6156,29.154,11.283
9.6156,29.226,11.157
9.6156,29.299,11.085
9.6156,29.371,11.02
9.6156,29.444,10.946
9.6156,29.516,10.864
9.6156,29.588,10.752
9.6156,29.661,10.601
9.6156,29.733,10.41
9.6156,29.806,0
9.6156,29.878,0
9.6156,29.95,0
9.6156,30.023,0
9.6156,30.095,0
9.6156,30.168,0
9.6156,30.24,0
9.6156,30.312,0
9.6156,30.385,0
9.6156,30.457,0
9.6156,30.53,0
9.6156,30.602,0
9.6535,27.778,12.729
9.6535,27.851,12.719
9.6535,27.923,12.708
9.6535,27.995,12.69
9.6535,28.068,12.673
9.6535,28.14,12.652
9.6535,28.213,12.637
9.6535,28.285,12.61
9.6535,28.357,12.578
9.6535,28.43,12.537
9.6535,28.502,12.488
9.6535,28.575,12.429
9.6535,28.647,12.36
9.6535,28.719,12.285
9.6535,28.792,12.19
9.6535,28.864,12.076
9.6535,28.937,11.946
9.6535,29.009,11.787
9.6535,29.081,11.618
9.6535,29.154,11.445
9.6535,29.226,11.29
9.6535,29.299,11.192
9.6535,29.371,11.134
9.6535,29.444,11.063
9.6535,29.516,10.986
9.6535,29.588,10.884
9.6535,29.661,10.752
9.6535,29.733,10.59
9.6535,29.806,0
9.6535,29.878,0
9.6535,29.95,0
9.6535,30.023,0
9.6535,30.095,0
9.6535,30.168,0
9.6535,30.24,0
9.6535,30.312,0
9.6535,30.385,0
9.6535,30.457,0
9.6535,30.53,0
9.6535,30.602,0
9.6913,27.778,12.807
9.6913,27.851,12.802
9.6913,27.923,12.789
9.6913,27.995,12.775
9.6913,28.068,12.759
9.6913,28.14,12.74
9.6913,28.213,12.717
9.6913,28.285,12.703
9.6913,28.357,12.67
9.6913,28.43,12.636
9.6913,28.502,12.591
9.6913,28.575,12.538
9.6913,28.647,12.474
9.6913,28.719,12.403
9.6913,28.792,12.317
9.6913,28.864,12.217
9.6913,28.937,12.092
9.6913,29.009,11.951
9.6913,29.081,11.785
9.6913,29.154,11.608
9.6913,29.226,11.443
9.6913,29.299,11.318
9.6913,29.371,11.244
9.6913,29.444,11.178
9.6913,29.516,11.106
9.6913,29.588,11.014
9.6913,29.661,10.903
9.6913,29.733,10.757
9.6913,29.806,10.573
9.6913,29.878,0
9.6913,29.95,0
9.6913,30.023,0
9.6913,30.095,0
9.6913,30.168,0
9.6913,30.24,0
9.6913,30.312,0
9.6913,30.385,0
9.6913,30.457,0
9.6913,30.53,0
9.6913,30.602,0
9.7292,27.778,12.885
9.7292,27.851,12.881
9.7292,27.923,12.872
9.7292,27.995,12.861
9.7292,28.068,12.843
9.7292,28.14,12.826
9.7292,28.213,12.806
9.7292,28.285,12.788
9.7292,28.357,12.764
9.7292,28.43,12.732
9.7292,28.502,12.692
9.7292,28.575,12.643
9.7292,28.647,12.585
9.7292,28.719,12.517
9.7292,28.792,12.442
9.7292,28.864,12.348
9.7292,28.937,12.235
9.7292,29.009,12.105
9.7292,29.081,11.95
9.7292,29.154,11.774
9.7292,29.226,11.605
9.7292,29.299,11.451
9.7292,29.371,11.351
9.7292,29.444,11.291
9.7292,29.516,11.218
9.7292,29.588,11.138
9.7292,29.661,11.041
9.7292,29.733,10.916
9.7292,29.806,10.751
9.7292,29.878,0
9.7292,29.95,0
9.7292,30.023,0
9.7292,30.095,0
9.7292,30.168,0
9.7292,30.24,0
9.7292,30.312,0
9.7292,30.385,0
9.7292,30.457,0
9.7292,30.53,0
9.7292,30.602,0
9.7671,27.778,12.962
9.7671,27.851,12.959
9.7671,27.923,12.954
9.7671,27.995,12.942
9.7671,28.068,12.929
9.7671,28.14,12.912
9.7671,28.213,12.894
9.7671,28.285,12.871
9.7671,28.357,12.857
9.7671,28.43,12.825
9.7671,28.502,12.791
9.7671,28.575,12.746
9.7671,28.647,12.693
9.7671,28.719,12.63
9.7671,28.792,12.558
9.7671,28.864,12.474
9.7671,28.937,12.375
9.7671,29.009,12.251
9.7671,29.081,12.112
9.7671,29.154,11.947
9.7671,29.226,11.768
9.7671,29.299,11.595
9.7671,29.371,11.473
9.7671,29.444,11.401
9.7671,29.516,11.33
9.7671,29.588,11.26
9.7671,29.661,11.178
9.7671,29.733,11.066
9.7671,29.806,10.913
9.7671,29.878,10.74
9.7671,29.95,0
9.7671,30.023,0
9.7671,30.095,0
9.7671,30.168,0
9.7671,30.24,0
9.7671,30.312,0
9.7671,30.385,0
9.7671,30.457,0
9.7671,30.53,0
9.7671,30.602,0
9.805,27.778,13.037
9.805,27.851,13.037
9.805,27.923,13.034
9.805,27.995,13.026
9.805,28.068,13.014
9.805,28.14,12.997
9.805,28.213,12.98
9.805,28.285,12.96
9.805,28.357,12.938
9.805,28.43,12.919
9.805,28.502,12.885
9.805,28.575,12.848
9.805,28.647,12.799
9.805,28.719,12.741
9.805,28.792,12.673
9.805,28.864,12.599
9.805,28.937,12.504
9.805,29.009,12.394
9.805,29.081,12.265
9.805,29.154,12.111
9.805,29.226,11.935
9.805,29.299,11.765
9.805,29.371,11.61
9.805,29.444,11.507
9.805,29.516,11.443
9.805,29.588,11.374
9.805,29.661,11.297
9.805,29.733,11.204
9.805,29.806,11.071
9.805,29.878,10.918
9.805,29.95,10.711
9.805,30.023,0
9.805,30.095,0
9.805,30.168,0
9.805,30.24,0
9.805,30.312,0
9.805,30.385,0
9.805,30.457,0
9.805,30.53,0
9.805,30.602,0
9.8428,27.778,13.107
9.8428,27.851,13.113
9.8428,27.923,13.112
9.8428,27.995,13.107
9.8428,28.068,13.097
9.8428,28.14,13.085
9.8428,28.213,13.066
9.8428,28.285,13.048
9.8428,28.357,13.025
9.8428,28.43,13.012
9.8428,28.502,12.98
9.8428,28.575,12.946
9.8428,28.647,12.902
9.8428,28.719,12.849
9.8428,28.792,12.787
9.8428,28.864,12.715
9.8428,28.937,12.633
9.8428,29.009,12.535
9.8428,29.081,12.41
9.8428,29.154,12.272
9.8428,29.226,12.108
9.8428,29.299,11.933
9.8428,29.371,11.76
9.8428,29.444,11.63
9.8428,29.516,11.555
9.8428,29.588,11.486
9.8428,29.661,11.413
9.8428,29.733,11.332
9.8428,29.806,11.221
9.8428,29.878,11.077
9.8428,29.95,10.9
9.8428,30.023,0
9.8428,30.095,0
9.8428,30.168,0
9.8428,30.24,0
9.8428,30.312,0
9.8428,30.385,0
9.8428,30.457,0
9.8428,30.53,0
9.8428,30.602,0
9.8807,27.778,13.17
9.8807,27.851,13.188
9.8807,27.923,13.189
9.8807,27.995,13.186
9.8807,28.068,13.181
9.8807,28.14,13.168
9.8807,28.213,13.152
9.8807,28.285,13.135
9.8807,28.357,13.115
9.8807,28.43,13.092
9.8807,28.502,13.074
9.8807,28.575,13.04
9.8807,28.647,13.004
9.8807,28.719,12.955
9.8807,28.792,12.898
9.8807,28.864,12.831
9.8807,28.937,12.757
9.8807,29.009,12.663
9.8807,29.081,12.555
9.8807,29.154,12.425
9.8807,29.226,12.273
9.8807,29.299,12.098
9.8807,29.371,11.928
9.8807,29.444,11.77
9.8807,29.516,11.66
9.8807,29.588,11.599
9.8807,29.661,11.529
9.8807,29.733,11.455
9.8807,29.806,11.36
9.8807,29.878,11.234
9.8807,29.95,11.079
9.8807,30.023,10.88
9.8807,30.095,10.627
9.8807,30.168,0
9.8807,30.24,0
9.8807,30.312,0
9.8807,30.385,0
9.8807,30.457,0
9.8807,30.53,0
9.8807,30.602,0
9.9186,27.778,13.242
9.9186,27.851,13.255
9.9186,27.923,13.264
9.9186,27.995,13.264
9.9186,28.068,13.261
9.9186,28.14,13.252
9.9186,28.213,13.24
9.9186,28.285,13.221
9.9186,28.357,13.203
9.9186,28.43,13.181
9.9186,28.502,13.161
9.9186,28.575,13.136
9.9186,28.647,13.102
9.9186,28.719,13.059
9.9186,28.792,13.007
9.9186,28.864,12.945
9.9186,28.937,12.876
9.9186,29.009,12.791
9.9186,29.081,12.694
9.9186,29.154,12.57
9.9186,29.226,12.434
9.9186,29.299,12.27
9.9186,29.371,12.094
9.9186,29.444,11.92
9.9186,29.516,11.783
9.9186,29.588,11.71
9.9186,29.661,11.644
9.9186,29.733,11.575
9.9186,29.806,11.488
9.9186,29.878,11.38
9.9186,29.95,11.24
9.9186,30.023,11.067
9.9186,30.095,10.851
9.9186,30.168,0
9.9186,30.24,0
9.9186,30.312,0
9.9186,30.385,0
9.9186,30.457,0
9.9186,30.53,0
9.9186,30.602,0
9.9565,27.778,13.309
9.9565,27.851,13.318
9.9565,27.923,13.336
9.9565,27.995,13.34
9.9565,28.068,13.339
9.9565,28.14,13.335
9.9565,28.213,13.322
9.9565,28.285,13.309
9.9565,28.357,13.29
9.9565,28.43,13.271
9.9565,28.502,13.246
9.9565,28.575,13.229
9.9565,28.647,13.196
9.9565,28.719,13.161
9.9565,28.792,13.113
9.9565,28.864,13.056
9.9565,28.937,12.989
9.9565,29.009,12.914
9.9565,29.081,12.822
9.9565,29.154,12.716
9.9565,29.226,12.587
9.9565,29.299,12.435
9.9565,29.371,12.265
9.9565,29.444,12.087
9.9565,29.516,11.933
9.9565,29.588,11.816
9.9565,29.661,11.754
9.9565,29.733,11.688
9.9565,29.806,11.61
9.9565,29.878,11.519
9.9565,29.95,11.395
9.9565,30.023,11.239
9.9565,30.095,11.045
9.9565,30.168,10.791
9.9565,30.24,0
9.9565,30.312,0
9.9565,30.385,0
9.9565,30.457,0
9.9565,30.53,0
9.9565,30.602,0
9.9944,27.778,13.367
9.9944,27.851,13.386
9.9944,27.923,13.399
9.9944,27.995,13.408
9.9944,28.068,13.416
9.9944,28.14,13.414
9.9944,28.213,13.407
9.9944,28.285,13.395
9.9944,28.357,13.378
9.9944,28.43,13.359
9.9944,28.502,13.337
9.9944,28.575,13.311
9.9944,28.647,13.293
9.9944,28.719,13.261
9.9944,28.792,13.217
9.9944,28.864,13.165
9.9944,28.937,13.104
9.9944,29.009,13.031
9.9944,29.081,12.951
9.9944,29.154,12.855
9.9944,29.226,12.732
9.9944,29.299,12.596
9.9944,29.371,12.436
9.9944,29.444,12.253
9.9944,29.516,12.082
9.9944,29.588,11.946
9.9944,29.661,11.864
9.9944,29.733,11.799
9.9944,29.806,11.727
9.9944,29.878,11.649
9.9944,29.95,11.542
9.9944,30.023,11.402
9.9944,30.095,11.23
9.9944,30.168,11.011
9.9944,30.24,0
9.9944,30.312,0
9.9944,30.385,0
9.9944,30.457,0
9.9944,30.53,0
9.9944,30.602,0
10.032,27.778,13.414
10.032,27.851,13.441
10.032,27.923,13.461
10.032,27.995,13.471
10.032,28.068,13.488
10.032,28.14,13.492
10.032,28.213,13.489
10.032,28.285,13.479
10.032,28.357,13.467
10.032,28.43,13.447
10.032,28.502,13.428
10.032,28.575,13.404
10.032,28.647,13.386
10.032,28.719,13.355
10.032,28.792,13.319
10.032,28.864,13.272
10.032,28.937,13.215
10.032,29.009,13.149
10.032,29.081,13.077
10.032,29.154,12.984
10.032,29.226,12.878
10.032,29.299,12.749
10.032,29.371,12.598
10.032,29.444,12.428
10.032,29.516,12.254
10.032,29.588,12.091
10.032,29.661,11.974
10.032,29.733,11.911
10.032,29.806,11.84
10.032,29.878,11.769
10.032,29.95,11.677
10.032,30.023,11.559
10.032,30.095,11.405
10.032,30.168,11.219
10.032,30.24,10.967
10.032,30.312,0
10.032,30.385,0
10.032,30.457,0
10.032,30.53,0
10.032,30.602,0
10.07,27.778,13.372
10.07,27.851,13.461
10.07,27.923,13.512
10.07,27.995,13.538
10.07,28.068,13.549
10.07,28.14,13.567
10.07,28.213,13.567
10.07,28.285,13.563
10.07,28.357,13.552
10.07,28.43,13.536
10.07,28.502,13.517
10.07,28.575,13.496
10.07,28.647,13.469
10.07,28.719,13.452
10.07,28.792,13.417
10.07,28.864,13.376
10.07,28.937,13.325
10.07,29.009,13.264
10.07,29.081,13.192
10.07,29.154,13.113
10.07,29.226,13.018
10.07,29.299,12.898
10.07,29.371,12.762
10.07,29.444,12.597
10.07,29.516,12.423
10.07,29.588,12.248
10.07,29.661,12.108
10.07,29.733,12.021
10.07,29.806,11.952
10.07,29.878,11.886
10.07,29.95,11.806
10.07,30.023,11.706
10.07,30.095,11.566
10.07,30.168,11.4
10.07,30.24,11.182
10.07,30.312,10.916
10.07,30.385,0
10.07,30.457,0
10.07,30.53,0
10.07,30.602,0
10.108,27.778,0
10.108,27.851,13.408
10.108,27.923,13.532
10.108,27.995,13.582
10.108,28.068,13.61
10.108,28.14,13.628
10.108,28.213,13.639
10.108,28.285,13.643
10.108,28.357,13.638
10.108,28.43,13.625
10.108,28.502,13.606
10.108,28.575,13.587
10.108,28.647,13.563
10.108,28.719,13.537
10.108,28.792,13.515
10.108,28.864,13.48
10.108,28.937,13.433
10.108,29.009,13.377
10.108,29.081,13.311
10.108,29.154,13.236
10.108,29.226,13.147
10.108,29.299,13.043
10.108,29.371,12.916
10.108,29.444,12.765
10.108,29.516,12.591
10.108,29.588,12.415
10.108,29.661,12.257
10.108,29.733,12.131
10.108,29.806,12.067
10.108,29.878,11.999
10.108,29.95,11.926
10.108,30.023,11.841
10.108,30.095,11.718
10.108,30.168,11.571
10.108,30.24,11.387
10.108,30.312,11.144
10.108,30.385,0
10.108,30.457,0
10.108,30.53,0
10.108,30.602,0
10.146,27.778,0
10.146,27.851,0
10.146,27.923,0
10.146,27.995,13.579
10.146,28.068,13.64
10.146,28.14,13.682
10.146,28.213,13.7
10.146,28.285,13.718
10.146,28.357,13.718
10.146,28.43,13.712
10.146,28.502,13.698
10.146,28.575,13.677
10.146,28.647,13.656
10.146,28.719,13.63
10.146,28.792,13.614
10.146,28.864,13.579
10.146,28.937,13.539
10.146,29.009,13.488
10.146,29.081,13.427
10.146,29.154,13.356
10.146,29.226,13.278
10.146,29.299,13.18
10.146,29.371,13.063
10.146,29.444,12.925
10.146,29.516,12.77
10.146,29.588,12.596
10.146,29.661,12.421
10.146,29.733,12.269
10.146,29.806,12.178
10.146,29.878,12.113
10.146,29.95,12.044
10.146,30.023,11.969
10.146,30.095,11.862
10.146,30.168,11.735
10.146,30.24,11.567
10.146,30.312,11.359
10.146,30.385,11.086
10.146,30.457,0
10.146,30.53,0
10.146,30.602,0
10.184,27.778,0
10.184,27.851,0
10.184,27.923,0
10.184,27.995,0
10.184,28.068,13.553
10.184,28.14,13.665
10.184,28.213,13.753
10.184,28.285,13.777
10.184,28.357,13.794
10.184,28.43,13.793
10.184,28.502,13.787
10.184,28.575,13.771
10.184,28.647,13.749
10.184,28.719,13.725
10.184,28.792,13.701
10.184,28.864,13.678
10.184,28.937,13.641
10.184,29.009,13.597
10.184,29.081,13.541
10.184,29.154,13.476
10.184,29.226,13.401
10.184,29.299,13.314
10.184,29.371,13.211
10.184,29.444,13.084
10.184,29.516,12.94
10.184,29.588,12.767
10.184,29.661,12.589
10.184,29.733,12.417
10.184,29.806,12.284
10.184,29.878,12.228
10.184,29.95,12.161
10.184,30.023,12.089
10.184,30.095,11.998
10.184,30.168,11.891
10.184,30.24,11.74
10.184,30.312,11.558
10.184,30.385,11.319
10.184,30.457,0
10.184,30.53,0
10.184,30.602,0
10.222,27.778,0
10.222,27.851,0
10.222,27.923,0
10.222,27.995,0
10.222,28.068,0
10.222,28.14,0
10.222,28.213,13.654
10.222,28.285,13.817
10.222,28.357,13.851
10.222,28.43,13.868
10.222,28.502,13.869
10.222,28.575,13.862
10.222,28.647,13.844
10.222,28.719,13.819
10.222,28.792,13.794
10.222,28.864,13.767
10.222,28.937,13.742
10.222,29.009,13.704
10.222,29.081,13.654
10.222,29.154,13.594
10.222,29.226,13.523
10.222,29.299,13.446
10.222,29.371,13.349
10.222,29.444,13.233
10.222,29.516,13.099
10.222,29.588,12.938
10.222,29.661,12.765
10.222,29.733,12.584
10.222,29.806,12.434
10.222,29.878,12.334
10.222,29.95,12.278
10.222,30.023,12.206
10.222,30.095,12.127
10.222,30.168,12.036
10.222,30.24,11.906
10.222,30.312,11.742
10.222,30.385,11.539
10.222,30.457,11.27
10.222,30.53,0
10.222,30.602,0
10.26,27.778,0
10.26,27.851,0
10.26,27.923,0
10.26,27.995,0
10.26,28.068,0
10.26,28.14,0
10.26,28.213,0
10.26,28.285,13.692
10.26,28.357,13.866
10.26,28.43,13.922
10.26,28.502,13.944
10.26,28.575,13.945
10.26,28.647,13.933
10.26,28.719,13.917
10.26,28.792,13.891
10.26,28.864,13.864
10.26,28.937,13.846
10.26,29.009,13.808
10.26,29.081,13.765
10.26,29.154,13.71
10.26,29.226,13.645
10.26,29.299,13.57
10.26,29.371,13.484
10.26,29.444,13.382
10.26,29.516,13.258
10.26,29.588,13.107
10.26,29.661,12.946
10.26,29.733,12.759
10.26,29.806,12.585
10.26,29.878,12.458
10.26,29.95,12.387
10.26,30.023,12.32
10.26,30.095,12.25
10.26,30.168,12.17
10.26,30.24,12.054
10.26,30.312,11.911
10.26,30.385,11.741
10.26,30.457,11.503
10.26,30.53,11.215
10.26,30.602,0
10.297,27.778,0
10.297,27.851,0
10.297,27.923,0
10.297,27.995,0
10.297,28.068,0
10.297,28.14,0
10.297,28.213,0
10.297,28.285,0
10.297,28.357,0
10.297,28.43,13.887
10.297,28.502,13.99
10.297,28.575,14.016
10.297,28.647,14.02
10.297,28.719,14.008
10.297,28.792,13.987
10.297,28.864,13.963
10.297,28.937,13.935
10.297,29.009,13.913
10.297,29.081,13.873
10.297,29.154,13.825
10.297,29.226,13.765
10.297,29.299,13.695
10.297,29.371,13.615
10.297,29.444,13.52
10.297,29.516,13.409
10.297,29.588,13.275
10.297,29.661,13.118
10.297,29.733,12.936
10.297,29.806,12.761
10.297,29.878,12.606
10.297,29.95,12.499
10.297,30.023,12.437
10.297,30.095,12.369
10.297,30.168,12.293
10.297,30.24,12.196
10.297,30.312,12.073
10.297,30.385,11.915
10.297,30.457,11.722
10.297,30.53,11.459
10.297,30.602,11.146
10.335,27.778,0
10.335,27.851,0
10.335,27.923,0
10.335,27.995,0
10.335,28.068,0
10.335,28.14,0
10.335,28.213,0
10.335,28.285,0
10.335,28.357,0
10.335,28.43,0
10.335,28.502,0
10.335,28.575,14.051
10.335,28.647,14.083
10.335,28.719,14.093
10.335,28.792,14.085
10.335,28.864,14.061
10.335,28.937,14.035
10.335,29.009,14.006
10.335,29.081,13.98
10.335,29.154,13.936
10.335,29.226,13.885
10.335,29.299,13.82
10.335,29.371,13.744
10.335,29.444,13.661
10.335,29.516,13.558
10.335,29.588,13.432
10.335,29.661,13.289
10.335,29.733,13.123
10.335,29.806,12.946
10.335,29.878,12.765
10.335,29.95,12.629
10.335,30.023,12.547
10.335,30.095,12.485
10.335,30.168,12.413
10.335,30.24,12.331
10.335,30.312,12.224
10.335,30.385,12.082
10.335,30.457,11.912
10.335,30.53,11.688
10.335,30.602,11.42
10.373,27.778,0
10.373,27.851,0
10.373,27.923,0
10.373,27.995,0
10.373,28.068,0
10.373,28.14,0
10.373,28.213,0
10.373,28.285,0
10.373,28.357,0
10.373,28.43,0
10.373,28.502,0
10.373,28.575,0
10.373,28.647,14.084
10.373,28.719,14.146
10.373,28.792,14.166
10.373,28.864,14.162
10.373,28.937,14.138
10.373,29.009,14.109
10.373,29.081,14.077
10.373,29.154,14.048
10.373,29.226,14.001
10.373,29.299,13.944
10.373,29.371,13.874
10.373,29.444,13.795
10.373,29.516,13.702
10.373,29.588,13.592
10.373,29.661,13.459
10.373,29.733,13.305
10.373,29.806,13.123
10.373,29.878,12.939
10.373,29.95,12.777
10.373,30.023,12.661
10.373,30.095,12.602
10.373,30.168,12.533
10.373,30.24,12.46
10.373,30.312,12.366
10.373,30.385,12.243
10.373,30.457,12.096
10.373,30.53,11.905
10.373,30.602,11.657
10.411,27.778,0
10.411,27.851,0
10.411,27.923,0
10.411,27.995,0
10.411,28.068,0
10.411,28.14,0
10.411,28.213,0
10.411,28.285,0
10.411,28.357,0
10.411,28.43,0
10.411,28.502,0
10.411,28.575,0
10.411,28.647,0
10.411,28.719,0
10.411,28.792,14.196
10.411,28.864,14.239
10.411,28.937,14.24
10.411,29.009,14.215
10.411,29.081,14.183
10.411,29.154,14.146
10.411,29.226,14.116
10.411,29.299,14.068
10.411,29.371,14.004
10.411,29.444,13.929
10.411,29.516,13.842
10.411,29.588,13.741
10.411,29.661,13.621
10.411,29.733,13.477
10.411,29.806,13.31
10.411,29.878,13.128
10.411,29.95,12.954
10.411,30.023,12.809
10.411,30.095,12.714
10.411,30.168,12.651
10.411,30.24,12.58
10.411,30.312,12.503
10.411,30.385,12.398
10.411,30.457,12.266
10.411,30.53,12.105
10.411,30.602,11.893
10.449,27.778,0
10.449,27.851,0
10.449,27.923,0
10.449,27.995,0
10.449,28.068,0
10.449,28.14,0
10.449,28.213,0
10.449,28.285,0
10.449,28.357,0
10.449,28.43,0
10.449,28.502,0
10.449,28.575,0
10.449,28.647,0
10.449,28.719,0
10.449,28.792,0
10.449,28.864,14.231
10.449,28.937,14.305
10.449,29.009,14.32
10.449,29.081,14.294
10.449,29.154,14.259
10.449,29.226,14.221
10.449,29.299,14.187
10.449,29.371,14.133
10.449,29.444,14.064
10.449,29.516,13.983
10.449,29.588,13.893
10.449,29.661,13.783
10.449,29.733,13.651
10.449,29.806,13.495
10.449,29.878,13.319
10.449,29.95,13.136
10.449,30.023,12.968
10.449,30.095,12.831
10.449,30.168,12.767
10.449,30.24,12.698
10.449,30.312,12.632
10.449,30.385,12.547
10.449,30.457,12.424
10.449,30.53,12.284
10.449,30.602,12.107
10.487,27.778,0
10.487,27.851,0
10.487,27.923,0
10.487,27.995,0
10.487,28.068,0
10.487,28.14,0
10.487,28.213,0
10.487,28.285,0
10.487,28.357,0
10.487,28.43,0
10.487,28.502,0
10.487,28.575,0
10.487,28.647,0
10.487,28.719,0
10.487,28.792,0
10.487,28.864,0
10.487,28.937,0
10.487,29.009,14.371
10.487,29.081,14.397
10.487,29.154,14.375
10.487,29.226,14.337
10.487,29.299,14.307
10.487,29.371,14.257
10.487,29.444,14.2
10.487,29.516,14.125
10.487,29.588,14.037
10.487,29.661,13.94
10.487,29.733,13.823
10.487,29.806,13.68
10.487,29.878,13.515
10.487,29.95,13.329
10.487,30.023,13.144
10.487,30.095,12.989
10.487,30.168,12.878
10.487,30.24,12.82
10.487,30.312,12.751
10.487,30.385,12.676
10.487,30.457,12.578
10.487,30.53,12.45
10.487,30.602,12.296
10.525,27.778,0
10.525,27.851,0
10.525,27.923,0
10.525,27.995,0
10.525,28.068,0
10.525,28.14,0
10.525,28.213,0
10.525,28.285,0
10.525,28.357,0
10.525,28.43,0
10.525,28.502,0
10.525,28.575,0
10.525,28.647,0
10.525,28.719,0
10.525,28.792,0
10.525,28.864,0
10.525,28.937,0
10.525,29.009,0
10.525,29.081,14.387
10.525,29.154,14.472
10.525,29.226,14.46
10.525,29.299,14.417
10.525,29.371,14.377
10.525,29.444,14.332
10.525,29.516,14.269
10.525,29.588,14.187
10.525,29.661,14.092
10.525,29.733,13.986
10.525,29.806,13.858
10.525,29.878,13.704
10.525,29.95,13.531
10.525,30.023,13.338
10.525,30.095,13.159
10.525,30.168,13.019
10.525,30.24,12.937
10.525,30.312,12.869
10.525,30.385,12.807
10.525,30.457,12.724
10.525,30.53,12.611
10.525,30.602,12.475
10.563,27.778,0
10.563,27.851,0
10.563,27.923,0
10.563,27.995,0
10.563,28.068,0
10.563,28.14,0
10.563,28.213,0
10.563,28.285,0
10.563,28.357,0
10.563,28.43,0
10.563,28.502,0
10.563,28.575,0
10.563,28.647,0
10.563,28.719,0
10.563,28.792,0
10.563,28.864,0
10.563,28.937,0
10.563,29.009,0
10.563,29.081,0
10.563,29.154,0
10.563,29.226,14.509
10.563,29.299,14.548
10.563,29.371,14.501
10.563,29.444,14.449
10.563,29.516,14.407
10.563,29.588,14.339
10.563,29.661,14.252
10.563,29.733,14.153
10.563,29.806,14.036
10.563,29.878,13.895
10.563,29.95,13.732
10.563,30.023,13.545
10.563,30.095,13.353
10.563,30.168,13.184
10.563,30.24,13.06
10.563,30.312,13
10.563,30.385,12.929
10.563,30.457,12.856
10.563,30.53,12.767
10.563,30.602,12.641
10.6,27.778,0
10.6,27.851,0
10.6,27.923,0
10.6,27.995,0
10.6,28.068,0
10.6,28.14,0
10.6,28.213,0
10.6,28.285,0
10.6,28.357,0
10.6,28.43,0
10.6,28.502,0
10.6,28.575,0
10.6,28.647,0
10.6,28.719,0
10.6,28.792,0
10.6,28.864,0
10.6,28.937,0
10.6,29.009,0
10.6,29.081,0
10.6,29.154,0
10.6,29.226,0
10.6,29.299,0
10.6,29.371,14.611
10.6,29.444,14.591
10.6,29.516,14.54
10.6,29.588,14.487
10.6,29.661,14.414
10.6,29.733,14.319
10.6,29.806,14.21
10.6,29.878,14.091
10.6,29.95,13.936
10.6,30.023,13.763
10.6,30.095,13.565
10.6,30.168,13.376
10.6,30.24,13.222
10.6,30.312,13.112
10.6,30.385,13.052
10.6,30.457,12.985
10.6,30.53,12.909
10.6,30.602,12.803
10.638,27.778,0
10.638,27.851,0
10.638,27.923,0
10.638,27.995,0
10.638,28.068,0
10.638,28.14,0
10.638,28.213,0
10.638,28.285,0
10.638,28.357,0
10.638,28.43,0
10.638,28.502,0
10.638,28.575,0
10.638,28.647,0
10.638,28.719,0
10.638,28.792,0
10.638,28.864,0
10.638,28.937,0
10.638,29.009,0
10.638,29.081,0
10.638,29.154,0
10.638,29.226,0
10.638,29.299,0
10.638,29.371,0
10.638,29.444,14.684
10.638,29.516,14.684
10.638,29.588,14.62
10.638,29.661,14.571
10.638,29.733,14.492
10.638,29.806,14.389
10.638,29.878,14.276
10.638,29.95,14.142
10.638,30.023,13.975
10.638,30.095,13.791
10.638,30.168,13.588
10.638,30.24,13.406
10.638,30.312,13.257
10.638,30.385,13.175
10.638,30.457,13.118
10.638,30.53,13.042
10.638,30.602,12.962
10.676,27.778,0
10.676,27.851,0
10.676,27.923,0
10.676,27.995,0
10.676,28.068,0
10.676,28.14,0
10.676,28.213,0
10.676,28.285,0
10.676,28.357,0
10.676,28.43,0
10.676,28.502,0
10.676,28.575,0
10.676,28.647,0
10.676,28.719,0
10.676,28.792,0
10.676,28.864,0
10.676,28.937,0
10.676,29.009,0
10.676,29.081,0
10.676,29.154,0
10.676,29.226,0
10.676,29.299,0
10.676,29.371,0
10.676,29.444,0
10.676,29.516,0
10.676,29.588,14.759
10.676,29.661,14.718
10.676,29.733,14.657
10.676,29.806,14.576
10.676,29.878,14.464
10.676,29.95,14.342
10.676,30.023,14.196
10.676,30.095,14.019
10.676,30.168,13.825
10.676,30.24,13.619
10.676,30.312,13.441
10.676,30.385,13.311
10.676,30.457,13.233
10.676,30.53,13.172
10.676,30.602,13.104
10.714,27.778,0
10.714,27.851,0
10.714,27.923,0
10.714,27.995,0
10.714,28.068,0
10.714,28.14,0
10.714,28.213,0
10.714,28.285,0
10.714,28.357,0
10.714,28.43,0
10.714,28.502,0
10.714,28.575,0
10.714,28.647,0
10.714,28.719,0
10.714,28.792,0
10.714,28.864,0
10.714,28.937,0
10.714,29.009,0
10.714,29.081,0
10.714,29.154,0
10.714,29.226,0
10.714,29.299,0
10.714,29.371,0
10.714,29.444,0
10.714,29.516,0
10.714,29.588,0
10.714,29.661,14.828
10.714,29.733,14.814
10.714,29.806,14.75
10.714,29.878,14.667
10.714,29.95,14.546
10.714,30.023,14.415
10.714,30.095,14.256
10.714,30.168,14.07
10.714,30.24,13.858
10.714,30.312,13.656
10.714,30.385,13.481
10.714,30.457,13.365
10.714,30.53,13.298
10.714,30.602,13.234
10.752,27.778,0
10.752,27.851,0
10.752,27.923,0
10.752,27.995,0
10.752,28.068,0
10.752,28.14,0
10.752,28.213,0
10.752,28.285,0
10.752,28.357,0
10.752,28.43,0
10.752,28.502,0
10.752,28.575,0
10.752,28.647,0
10.752,28.719,0
10.752,28.792,0
10.752,28.864,0
10.752,28.937,0
10.752,29.009,0
10.752,29.081,0
10.752,29.154,0
10.752,29.226,0
10.752,29.299,0
10.752,29.371,0
10.752,29.444,0
10.752,29.516,0
10.752,29.588,0
10.752,29.661,0
10.752,29.733,0
10.752,29.806,14.927
10.752,29.878,14.852
10.752,29.95,14.766
10.752,30.023,14.636
10.752,30.095,14.492
10.752,30.168,14.321
10.752,30.24,14.115
10.752,30.312,13.9
10.752,30.385,13.699
10.752,30.457,13.539
10.752,30.53,13.433
10.752,30.602,13.37
10.79,27.778,0
10.79,27.851,0
10.79,27.923,0
10.79,27.995,0
10.79,28.068,0
10.79,28.14,0
10.79,28.213,0
10.79,28.285,0
10.79,28.357,0
10.79,28.43,0
10.79,28.502,0
10.79,28.575,0
10.79,28.647,0
10.79,28.719,0
10.79,28.792,0
10.79,28.864,0
10.79,28.937,0
10.79,29.009,0
10.79,29.081,0
10.79,29.154,0
10.79,29.226,0
10.79,29.299,0
10.79,29.371,0
10.79,29.444,0
10.79,29.516,0
10.79,29.588,0
10.79,29.661,0
10.79,29.733,0
10.79,29.806,0
10.79,29.878,0
10.79,29.95,14.948
10.79,30.023,14.869
10.79,30.095,14.735
10.79,30.168,14.578
10.79,30.24,14.396
10.79,30.312,14.177
10.79,30.385,13.96
10.79,30.457,13.754
10.79,30.53,13.595
10.79,30.602,13.498
10.828,27.778,0
10.828,27.851,0
10.828,27.923,0
10.828,27.995,0
10.828,28.068,0
10.828,28.14,0
10.828,28.213,0
10.828,28.285,0
10.828,28.357,0
10.828,28.43,0
10.828,28.502,0
10.828,28.575,0
10.828,28.647,0
10.828,28.719,0
10.828,28.792,0
10.828,28.864,0
10.828,28.937,0
10.828,29.009,0
10.828,29.081,0
10.828,29.154,0
10.828,29.226,0
10.828,29.299,0
10.828,29.371,0
10.828,29.444,0
10.828,29.516,0
10.828,29.588,0
10.828,29.661,0
10.828,29.733,0
10.828,29.806,0
10.828,29.878,0
10.828,29.95,0
10.828,30.023,15.083
10.828,30.095,14.972
10.828,30.168,14.848
10.828,30.24,14.674
10.828,30.312,14.482
10.828,30.385,14.258
10.828,30.457,14.009
10.828,30.53,13.817
10.828,30.602,13.665
10.866,27.778,0
10.866,27.851,0
10.866,27.923,0
10.866,27.995,0
10.866,28.068,0
10.866,28.14,0
10.866,28.213,0
10.866,28.285,0
10.866,28.357,0
10.866,28.43,0
10.866,28.502,0
10.866,28.575,0
10.866,28.647,0
10.866,28.719,0
10.866,28.792,0
10.866,28.864,0
10.866,28.937,0
10.866,29.009,0
10.866,29.081,0
10.866,29.154,0
10.866,29.226,0
10.866,29.299,0
10.866,29.371,0
10.866,29.444,0
10.866,29.516,0
10.866,29.588,0
10.866,29.661,0
10.866,29.733,0
10.866,29.806,0
10.866,29.878,0
10.866,29.95,0
10.866,30.023,0
10.866,30.095,0
10.866,30.168,15.085
10.866,30.24,14.978
10.866,30.312,14.782
10.866,30.385,14.583
10.866,30.457,14.329
10.866,30.53,14.083
10.866,30.602,13.884
10.903,27.778,0
10.903,27.851,0
10.903,27.923,0
10.903,27.995,0
10.903,28.068,0
10.903,28.14,0
10.903,28.213,0
10.903,28.285,0
10.903,28.357,0
10.903,28.43,0
10.903,28.502,0
10.903,28.575,0
10.903,28.647,0
10.903,28.719,0
10.903,28.792,0
10.903,28.864,0
10.903,28.937,0
10.903,29.009,0
10.903,29.081,0
10.903,29.154,0
10.903,29.226,0
10.903,29.299,0
10.903,29.371,0
10.903,29.444,0
10.903,29.516,0
10.903,29.588,0
10.903,29.661,0
10.903,29.733,0
10.903,29.806,0
10.903,29.878,0
10.903,29.95,0
10.903,30.023,0
10.903,30.095,0
10.903,30.168,0
10.903,30.24,15.224
10.903,30.312,15.103
10.903,30.385,14.915
10.903,30.457,14.691
10.903,30.53,14.432
10.903,30.602,14.165
10.941,27.778,0
10.941,27.851,0
10.941,27.923,0
10.941,27.995,0
10.941,28.068,0
10.941,28.14,0
10.941,28.213,0
10.941,28.285,0
10.941,28.357,0
10.941,28.43,0
10.941,28.502,0
10.941,28.575,0
10.941,28.647,0
10.941,28.719,0
10.941,28.792,0
10.941,28.864,0
10.941,28.937,0
10.941,29.009,0
10.941,29.081,0
10.941,29.154,0
10.941,29.226,0
10.941,29.299,0
10.941,29.371,0
10.941,29.444,0
10.941,29.516,0
10.941,29.588,0
10.941,29.661,0
10.941,29.733,0
10.941,29.806,0
10.941,29.878,0
10.941,29.95,0
10.941,30.023,0
10.941,30.095,0
10.941,30.168,0
10.941,30.24,0
10.941,30.312,0
10.941,30.385,15.23
10.941,30.457,15.073
10.941,30.53,14.824
10.941,30.602,14.551
10.979,27.778,0
10.979,27.851,0
10.979,27.923,0
10.979,27.995,0
10.979,28.068,0
10.979,28.14,0
10.979,28.213,0
10.979,28.285,0
10.979,28.357,0
10.979,28.43,0
10.979,28.502,0
10.979,28.575,0
10.979,28.647,0
10.979,28.719,0
10.979,28.792,0
10.979,28.864,0
10.979,28.937,0
10.979,29.009,0
10.979,29.081,0
10.979,29.154,0
10.979,29.226,0
10.979,29.299,0
10.979,29.371,0
10.979,29.444,0
10.979,29.516,0
10.979,29.588,0
10.979,29.661,0
10.979,29.733,0
10.979,29.806,0
10.979,29.878,0
10.979,29.95,0
10.979,30.023,0
10.979,30.095,0
10.979,30.168,0
10.979,30.24,0
10.979,30.312,0
10.979,30.385,0
10.979,30.457,0
10.979,30.53,15.238
10.979,30.602,14.987
11.017,27.778,0
11.017,27.851,0
11.017,27.923,0
11.017,27.995,0
11.017,28.068,0
11.017,28.14,0
11.017,28.213,0
11.017,28.285,0
11.017,28.357,0
11.017,28.43,0
11.017,28.502,0
11.017,28.575,0
11.017,28.647,0
11.017,28.719,0
11.017,28.792,0
11.017,28.864,0
11.017,28.937,0
11.017,29.009,0
11.017,29.081,0
11.017,29.154,0
11.017,29.226,0
11.017,29.299,0
11.017,29.371,0
11.017,29.444,0
11.017,29.516,0
11.017,29.588,0
11.017,29.661,0
11.017,29.733,0
11.017,29.806,0
11.017,29.878,0
11.017,29.95,0
11.017,30.023,0
11.017,30.095,0
11.017,30.168,0
11.017,30.24,0
11.017,30.312,0
11.017,30.385,0
11.017,30.457,0
11.017,30.53,0
11.017,30.602,15.38
11.055,27.778,0
11.055,27.851,0
11.055,27.923,0
11.055,27.995,0
11.055,28.068,0
11.055,28.14,0
11.055,28.213,0
11.055,28.285,0
11.055,28.357,0
11.055,28.43,0
11.055,28.502,0
11.055,28.575,0
11.055,28.647,0
11.055,28.719,0
11.055,28.792,0
11.055,28.864,0
11.055,28.937,0
11.055,29.009,0
11.055,29.081,0
11.055,29.154,0
11.055,29.226,0
11.055,29.299,0
11.055,29.371,0
11.055,29.444,0
11.055,29.516,0
11.055,29.588,0
11.055,29.661,0
11.055,29.733,0
11.055,29.806,0
11.055,29.878,0
11.055,29.95,0
11.055,30.023,0
11.055,30.095,0
11.055,30.168,0
11.055,30.24,0
11.055,30.312,0
11.055,30.385,0
11.055,30.457,0
11.055,30.53,0
11.055,30.602,0
11.093,27.778,0
11.093,27.851,0
11.093,27.923,0
11.093,27.995,0
11.093,28.068,0
11.093,28.14,0
11.093,28.213,0
11.093,28.285,0
11.093,28.357,0
11.093,28.43,0
11.093,28.502,0
11.093,28.575,0
11.093,28.647,0
11.093,28.719,0
11.093,28.792,0
11.093,28.864,0
11.093,28.937,0
11.093,29.009,0
11.093,29.081,0
11.093,29.154,0
11.093,29.226,0
11.093,29.299,0
11.093,29.371,0
11.093,29.444,0
11.093,29.516,0
11.093,29.588,0
11.093,29.661,0
11.093,29.733,0
11.093,29.806,0
11.093,29.878,0
11.093,29.95,0
11.093,30.023,0
11.093,30.095,0
11.093,30.168,0
11.093,30.24,0
11.093,30.312,0
11.093,30.385,0
11.093,30.457,0
11.093,30.53,0
11.093,30.602,0
11.131,27.778,0
11.131,27.851,0
11.131,27.923,0
11.131,27.995,0
11.131,28.068,0
11.131,28.14,0
11.131,28.213,0
11.131,28.285,0
11.131,28.357,0
11.131,28.43,0
11.131,28.502,0
11.131,28.575,0
11.131,28.647,0
11.131,28.719,0
11.131,28.792,0
11.131,28.864,0
11.131,28.937,0
11.131,29.009,0
11.131,29.081,0
11.131,29.154,0
11.131,29.226,0
11.131,29.299,0
11.131,29.371,0
11.131,29.444,0
11.131,29.516,0
11.131,29.588,0
11.131,29.661,0
11.131,29.733,0
11.131,29.806,0
11.131,29.878,0
11.131,29.95,0
11.131,30.023,0
11.131,30.095,0
11.131,30.168,0
11.131,30.24,0
11.131,30.312,0
11.131,30.385,0
11.131,30.457,0
11.131,30.53,0
11.131,30.602,0
11.169,27.778,0
11.169,27.851,0
11.169,27.923,0
11.169,27.995,0
11.169,28.068,0
11.169,28.14,0
11.169,28.213,0
11.169,28.285,0
11.169,28.357,0
11.169,28.43,0
11.169,28.502,0
11.169,28.575,0
11.169,28.647,0
11.169,28.719,0
11.169,28.792,0
11.169,28.864,0
11.169,28.937,0
11.169,29.009,0
11.169,29.081,0
11.169,29.154,0
11.169,29.226,0
11.169,29.299,0
11.169,29.371,0
11.169,29.444,0
11.169,29.516,0
11.169,29.588,0
11.169,29.661,0
11.169,29.733,0
11.169,29.806,0
11.169,29.878,0
11.169,29.95,0
11.169,30.023,0
11.169,30.095,0
11.169,30.168,0
11.169,30.24,0
11.169,30.312,0
11.169,30.385,0
11.169,30.457,0
11.169,30.53,0
11.169,30.602,0
11.206,27.778,0
11.206,27.851,0
11.206,27.923,0
11.206,27.995,0
11.206,28.068,0
11.206,28.14,0
11.206,28.213,0
11.206,28.285,0
11.206,28.357,0
11.206,28.43,0
11.206,28.502,0
11.206,28.575,0
11.206,28.647,0
11.206,28.719,0
11.206,28.792,0
11.206,28.864,0
11.206,28.937,0
11.206,29.009,0
11.206,29.081,0
11.206,29.154,0
11.206,29.226,0
11.206,29.299,0
11.206,29.371,0
11.206,29.444,0
11.206,29.516,0
11.206,29.588,0
11.206,29.661,0
11.206,29.733,0
11.206,29.806,0
11.206,29.878,0
11.206,29.95,0
11.206,30.023,0
11.206,30.095,0
11.206,30.168,0
11.206,30.24,0
11.206,30.312,0
11.206,30.385,0
11.206,30.457,0
11.206,30.53,0
11.206,30.602,0
11.244,27.778,0
11.244,27.851,0
11.244,27.923,0
11.244,27.995,0
11.244,28.068,0
11.244,28.14,0
11.244,28.213,0
11.244,28.285,0
11.244,28.357,0
11.244,28.43,0
11.244,28.502,0
11.244,28.575,0
11.244,28.647,0
11.244,28.719,0
11.244,28.792,0
11.244,28.864,0
11.244,28.937,0
11.244,29.009,0
11.244,29.081,0
11.244,29.154,0
11.244,29.226,0
11.244,29.299,0
11.244,29.371,0
11.244,29.444,0
11.244,29.516,0
11.244,29.588,0
11.244,29.661,0
11.244,29.733,0
11.244,29.806,0
11.244,29.878,0
11.244,29.95,0
11.244,30.023,0
11.244,30.095,0
11.244,30.168,0
11.244,30.24,0
11.244,30.312,0
11.244,30.385,0
11.244,30.457,0
11.244,30.53,0
11.244,30.602,0
11.282,27.778,0
11.282,27.851,0
11.282,27.923,0
11.282,27.995,0
11.282,28.068,0
11.282,28.14,0
11.282,28.213,0
11.282,28.285,0
11.282,28.357,0
11.282,28.43,0
11.282,28.502,0
11.282,28.575,0
11.282,28.647,0
11.282,28.719,0
11.282,28.792,0
11.282,28.864,0
11.282,28.937,0
11.282,29.009,0
11.282,29.081,0
11.282,29.154,0
11.282,29.226,0
11.282,29.299,0
11.282,29.371,0
11.282,29.444,0
11.282,29.516,0
11.282,29.588,0
11.282,29.661,0
11.282,29.733,0
11.282,29.806,0
11.282,29.878,0
11.282,29.95,0
11.282,30.023,0
11.282,30.095,0
11.282,30.168,0
11.282,30.24,0
11.282,30.312,0
11.282,30.385,0
11.282,30.457,0
11.282,30.53,0
11.282,30.602,0
11.32,27.778,0
11.32,27.851,0
11.32,27.923,0
11.32,27.995,0
11.32,28.068,0
11.32,28.14,0
11.32,28.213,0
11.32,28.285,0
11.32,28.357,0
11.32,28.43,0
11.32,28.502,0
11.32,28.575,0
11.32,28.647,0
11.32,28.719,0
11.32,28.792,0
11.32,28.864,0
11.32,28.937,0
11.32,29.009,0
11.32,29.081,0
11.32,29.154,0
11.32,29.226,0
11.32,29.299,0
11.32,29.371,0
11.32,29.444,0
11.32,29.516,0
11.32,29.588,0
11.32,29.661,0
11.32,29.733,0
11.32,29.806,0
11.32,29.878,0
11.32,29.95,0
11.32,30.023,0
11.32,30.095,0
11.32,30.168,0
11.32,30.24,0
11.32,30.312,0
11.32,30.385,0
11.32,30.457,0
11.32,30.53,0
11.32,30.602,0
11.358,27.778,0
11.358,27.851,0
11.358,27.923,0
11.358,27.995,0
11.358,28.068,0
11.358,28.14,0
11.358,28.213,0
11.358,28.285,0
11.358,28.357,0
11.358,28.43,0
11.358,28.502,0
11.358,28.575,0
11.358,28.647,0
11.358,28.719,0
11.358,28.792,0
11.358,28.864,0
11.358,28.937,0
11.358,29.009,0
11.358,29.081,0
11.358,29.154,0
11.358,29.226,0
11.358,29.299,0
11.358,29.371,0
11.358,29.444,0
11.358,29.516,0
11.358,29.588,0
11.358,29.661,0
11.358,29.733,0
11.358,29.806,0
11.358,29.878,0
11.358,29.95,0
11.358,30.023,0
11.358,30.095,0
11.358,30.168,0
11.358,30.24,0
11.358,30.312,0
11.358,30.385,0
11.358,30.457,0
11.358,30.53,0
11.358,30.602,0
11.396,27.778,0
11.396,27.851,0
11.396,27.923,0
11.396,27.995,0
11.396,28.068,0
11.396,28.14,0
11.396,28.213,0
11.396,28.285,0
11.396,28.357,0
11.396,28.43,0
11.396,28.502,0
11.396,28.575,0
11.396,28.647,0
11.396,28.719,0
11.396,28.792,0
11.396,28.864,0
11.396,28.937,0
11.396,29.009,0
11.396,29.081,0
11.396,29.154,0
11.396,29.226,0
11.396,29.299,0
11.396,29.371,0
11.396,29.444,0
11.396,29.516,0
11.396,29.588,0
11.396,29.661,0
11.396,29.733,0
11.396,29.806,0
11.396,29.878,0
11.396,29.95,0
11.396,30.023,0
11.396,30.095,0
11.396,30.168,0
11.396,30.24,0
11.396,30.312,0
11.396,30.385,0
11.396,30.457,0
11.396,30.53,0
11.396,30.602,0
11.434,27.778,0
11.434,27.851,0
11.434,27.923,0
11.434,27.995,0
11.434,28.068,0
11.434,28.14,0
11.434,28.213,0
11.434,28.285,0
11.434,28.357,0
11.434,28.43,0
11.434,28.502,0
11.434,28.575,0
11.434,28.647,0
11.434,28.719,0
11.434,28.792,0
11.434,28.864,0
11.434,28.937,0
11.434,29.009,0
11.434,29.081,0
11.434,29.154,0
11.434,29.226,0
11.434,29.299,0
11.434,29.371,0
11.434,29.444,0
11.434,29.516,0
11.434,29.588,0
11.434,29.661,0
11.434,29.733,0
11.434,29.806,0
11.434,29.878,0
11.434,29.95,0
11.434,30.023,0
11.434,30.095,0
11.434,30.168,0
11.434,30.24,0
11.434,30.312,0
11.434,30.385,0
11.434,30.457,0
11.434,30.53,0
11.434,30.602,0
11.472,27.778,0
11.472,27.851,0
11.472,27.923,0
11.472,27.995,0
11.472,28.068,0
11.472,28.14,0
11.472,28.213,0
11.472,28.285,0
11.472,28.357,0
11.472,28.43,0
11.472,28.502,0
11.472,28.575,0
11.472,28.647,0
11.472,28.719,0
11.472,28.792,0
11.472,28.864,0
11.472,28.937,0
11.472,29.009,0
11.472,29.081,0
11.472,29.154,0
11.472,29.226,0
11.472,29.299,0
11.472,29.371,0
11.472,29.444,0
11.472,29.516,0
11.472,29.588,0
11.472,29.661,0
11.472,29.733,0
11.472,29.806,0
11.472,29.878,0
11.472,29.95,0
11.472,30.023,0
11.472,30.095,0
11.472,30.168,0
11.472,30.24,0
11.472,30.312,0
11.472,30.385,0
11.472,30.457,0
11.472,30.53,0
11.472,30.602,0
11.509,27.778,0
11.509,27.851,0
11.509,27.923,0
11.509,27.995,0
11.509,28.068,0
11.509,28.14,0
11.509,28.213,0
11.509,28.285,0
11.509,28.357,0
11.509,28.43,0
11.509,28.502,0
11.509,28.575,0
11.509,28.647,0
11.509,28.719,0
11.509,28.792,0
11.509,28.864,0
11.509,28.937,0
11.509,29.009,0
11.509,29.081,0
11.509,29.154,0
11.509,29.226,0
11.509,29.299,0
11.509,29.371,0
11.509,29.444,0
11.509,29.516,0
11.509,29.588,0
11.509,29.661,0
11.509,29.733,0
11.509,29.806,0
11.509,29.878,0
11.509,29.95,0
11.509,30.023,0
11.509,30.095,0
11.509,30.168,0
11.509,30.24,0
11.509,30.312,0
11.509,30.385,0
11.509,30.457,0
11.509,30.53,0
11.509,30.602,0
11.547,27.778,0
11.547,27.851,0
11.547,27.923,0
11.547,27.995,0
11.547,28.068,0
11.547,28.14,0
11.547,28.213,0
11.547,28.285,0
11.547,28.357,0
11.547,28.43,0
11.547,28.502,0
11.547,28.575,0
11.547,28.647,0
11.547,28.719,0
11.547,28.792,0
11.547,28.864,0
11.547,28.937,0
11.547,29.009,0
11.547,29.081,0
11.547,29.154,0
11.547,29.226,0
11.547,29.299,0
11.547,29.371,0
11.547,29.444,0
11.547,29.516,0
11.547,29.588,0
11.547,29.661,0
11.547,29.733,0
11.547,29.806,0
11.547,29.878,0
11.547,29.95,0
11.547,30.023,0
11.547,30.095,0
11.547,30.168,0
11.547,30.24,0
11.547,30.312,0
11.547,30.385,0
11.547,30.457,0
11.547,30.53,0
11.547,30.602,0
11.585,27.778,0
11.585,27.851,0
11.585,27.923,0
11.585,27.995,0
11.585,28.068,0
11.585,28.14,0
11.585,28.213,0
11.585,28.285,0
11.585,28.357,0
11.585,28.43,0
11.585,28.502,0
11.585,28.575,0
11.585,28.647,0
11.585,28.719,0
11.585,28.792,0
11.585,28.864,0
11.585,28.937,0
11.585,29.009,0
11.585,29.081,0
11.585,29.154,0
11.585,29.226,0
11.585,29.299,0
11.585,29.371,0
11.585,29.444,0
11.585,29.516,0
11.585,29.588,0
11.585,29.661,0
11.585,29.733,0
11.585,29.806,0
11.585,29.878,0
11.585,29.95,0
11.585,30.023,0
11.585,30.095,0
11.585,30.168,0
11.585,30.24,0
11.585,30.312,0
11.585,30.385,0
11.585,30.457,0
11.585,30.53,0
11.585,30.602,0
11.623,27.778,0
11.623,27.851,0
11.623,27.923,0
11.623,27.995,0
11.623,28.068,0
11.623,28.14,0
11.623,28.213,0
11.623,28.285,0
11.623,28.357,0
11.623,28.43,0
11.623,28.502,0
11.623,28.575,0
11.623,28.647,0
11.623,28.719,0
11.623,28.792,0
11.623,28.864,0
11.623,28.937,0
11.623,29.009,0
11.623,29.081,0
11.623,29.154,0
11.623,29.226,0
11.623,29.299,0
11.623,29.371,0
11.623,29.444,0
11.623,29.516,0
11.623,29.588,0
11.623,29.661,0
11.623,29.733,0
11.623,29.806,0
11.623,29.878,0
11.623,29.95,0
11.623,30.023,0
11.623,30.095,0
11.623,30.168,0
11.623,30.24,0
11.623,30.312,0
11.623,30.385,0
11.623,30.457,0
11.623,30.53,0
11.623,30.602,0
11.661,27.778,0
11.661,27.851,0
11.661,27.923,0
11.661,27.995,0
11.661,28.068,0
11.661,28.14,0
11.661,28.213,0
11.661,28.285,0
11.661,28.357,0
11.661,28.43,0
11.661,28.502,0
11.661,28.575,0
11.661,28.647,0
11.661,28.719,0
11.661,28.792,0
11.661,28.864,0
11.661,28.937,0
11.661,29.009,0
11.661,29.081,0
11.661,29.154,0
11.661,29.226,0
11.661,29.299,0
11.661,29.371,0
11.661,29.444,0
11.661,29.516,0
11.661,29.588,0
11.661,29.661,0
11.661,29.733,0
11.661,29.806,0
11.661,29.878,0
11.661,29.95,0
11.661,30.023,0
11.661,30.095,0
11.661,30.168,0
11.661,30.24,0
11.661,30.312,0
11.661,30.385,0
11.661,30.457,0
11.661,30.53,0
11.661,30.602,0
11.699,27.778,0
11.699,27.851,0
11.699,27.923,0
11.699,27.995,0
11.699,28.068,0
11.699,28.14,0
11.699,28.213,0
11.699,28.285,0
11.699,28.357,0
11.699,28.43,0
11.699,28.502,0
11.699,28.575,0
11.699,28.647,0
11.699,28.719,0
11.699,28.792,0
11.699,28.864,0
11.699,28.937,0
11.699,29.009,0
11.699,29.081,0
11.699,29.154,0
11.699,29.226,0
11.699,29.299,0
11.699,29.371,0
11.699,29.444,0
11.699,29.516,0
11.699,29.588,0
11.699,29.661,0
11.699,29.733,0
11.699,29.806,0
11.699,29.878,0
11.699,29.95,0
11.699,30.023,0
11.699,30.095,0
11.699,30.168,0
11.699,30.24,0
11.699,30.312,0
11.699,30.385,0
11.699,30.457,0
11.699,30.53,0
11.699,30.602,0
11.737,27.778,0
11.737,27.851,0
11.737,27.923,0
11.737,27.995,0
11.737,28.068,0
11.737,28.14,0
11.737,28.213,0
11.737,28.285,0
11.737,28.357,0
11.737,28.43,0
11.737,28.502,0
11.737,28.575,0
11.737,28.647,0
11.737,28.719,0
11.737,28.792,0
11.737,28.864,0
11.737,28.937,0
11.737,29.009,0
11.737,29.081,0
11.737,29.154,0
11.737,29.226,0
11.737,29.299,0
11.737,29.371,0
11.737,29.444,0
11.737,29.516,0
11.737,29.588,0
11.737,29.661,0
11.737,29.733,0
11.737,29.806,0
11.737,29.878,0
11.737,29.95,0
11.737,30.023,0
11.737,30.095,0
11.737,30.168,0
11.737,30.24,0
11.737,30.312,0
11.737,30.385,0
11.737,30.457,0
11.737,30.53,0
11.737,30.602,0
11.775,27.778,0
11.775,27.851,0
11.775,27.923,0
11.775,27.995,0
11.775,28.068,0
11.775,28.14,0
11.775,28.213,0
11.775,28.285,0
11.775,28.357,0
11.775,28.43,0
11.775,28.502,0
11.775,28.575,0
11.775,28.647,0
11.775,28.719,0
11.775,28.792,0
11.775,28.864,0
11.775,28.937,0
11.775,29.009,0
11.775,29.081,0
11.775,29.154,0
11.775,29.226,0
11.775,29.299,0
11.775,29.371,0
11.775,29.444,0
11.775,29.516,0
11.775,29.588,0
11.775,29.661,0
11.775,29.733,0
11.775,29.806,0
11.775,29.878,0
11.775,29.95,0
11.775,30.023,0
11.775,30.095,0
11.775,30.168,0
11.775,30.24,0
11.775,30.312,0
11.775,30.385,0
11.775,30.457,0
11.775,30.53,0
11.775,30.602,0
11.813,27.778,0
11.813,27.851,0
11.813,27.923,0
11.813,27.995,0
11.813,28.068,0
11.813,28.14,0
11.813,28.213,0
11.813,28.285,0
11.813,28.357,0
11.813,28.43,0
11.813,28.502,0
11.813,28.575,0
11.813,28.647,0
11.813,28.719,0
11.813,28.792,0
11.813,28.864,0
11.813,28.937,0
11.813,29.009,0
11.813,29.081,0
11.813,29.154,0
11.813,29.226,0
11.813,29.299,0
11.813,29.371,0
11.813,29.444,0
11.813,29.516,0
11.813,29.588,0
11.813,29.661,0
11.813,29.733,0
11.813,29.806,0
11.813,29.878,0
11.813,29.95,0
11.813,30.023,0
11.813,30.095,0
11.813,30.168,0
11.813,30.24,0
11.813,30.312,0
11.813,30.385,0
11.813,30.457,0
11.813,30.53,0
11.813,30.602,0
11.85,27.778,0
11.85,27.851,0
11.85,27.923,0
11.85,27.995,0
11.85,28.068,0
11.85,28.14,0
11.85,28.213,0
11.85,28.285,0
11.85,28.357,0
11.85,28.43,0
11.85,28.502,0
11.85,28.575,0
11.85,28.647,0
11.85,28.719,0
11.85,28.792,0
11.85,28.864,0
11.85,28.937,0
11.85,29.009,0
11.85,29.081,0
11.85,29.154,0
11.85,29.226,0
11.85,29.299,0
11.85,29.371,0
11.85,29.444,0
11.85,29.516,0
11.85,29.588,0
11.85,29.661,0
11.85,29.733,0
11.85,29.806,0
11.85,29.878,0
11.85,29.95,0
11.85,30.023,0
11.85,30.095,0
11.85,30.168,0
11.85,30.24,0
11.85,30.312,0
11.85,30.385,0
11.85,30.457,0
11.85,30.53,0
11.85,30.602,0
11.888,27.778,0
11.888,27.851,0
11.888,27.923,0
11.888,27.995,0
11.888,28.068,0
11.888,28.14,0
11.888,28.213,0
11.888,28.285,0
11.888,28.357,0
11.888,28.43,0
11.888,28.502,0
11.888,28.575,0
11.888,28.647,0
11.888,28.719,0
11.888,28.792,0
11.888,28.864,0
11.888,28.937,0
11.888,29.009,0
11.888,29.081,0
11.888,29.154,0
11.888,29.226,0
11.888,29.299,0
11.888,29.371,0
11.888,29.444,0
11.888,29.516,0
11.888,29.588,0
11.888,29.661,0
11.888,29.733,0
11.888,29.806,0
11.888,29.878,0
11.888,29.95,0
11.888,30.023,0
11.888,30.095,0
11.888,30.168,0
11.888,30.24,0
11.888,30.312,0
11.888,30.385,0
11.888,30.457,0
11.888,30.53,0
11.888,30.602,0
11.926,27.778,0
11.926,27.851,0
11.926,27.923,0
11.926,27.995,0
11.926,28.068,0
11.926,28.14,0
11.926,28.213,0
11.926,28.285,0
11.926,28.357,0
11.926,28.43,0
11.926,28.502,0
11.926,28.575,0
11.926,28.647,0
11.926,28.719,0
11.926,28.792,0
11.926,28.864,0
11.926,28.937,0
11.926,29.009,0
11.926,29.081,0
11.926,29.154,0
11.926,29.226,0
11.926,29.299,0
11.926,29.371,0
11.926,29.444,0
11.926,29.516,0
11.926,29.588,0
11.926,29.661,0
11.926,29.733,0
11.926,29.806,0
11.926,29.878,0
11.926,29.95,0
11.926,30.023,0
11.926,30.095,0
11.926,30.168,0
11.926,30.24,0
11.926,30.312,0
11.926,30.385,0
11.926,30.457,0
11.926,30.53,0
11.926,30.602,0
11.964,27.778,0
11.964,27.851,0
11.964,27.923,0
11.964,27.995,0
11.964,28.068,0
11.964,28.14,0
11.964,28.213,0
11.964,28.285,0
11.964,28.357,0
11.964,28.43,0
11.964,28.502,0
11.964,28.575,0
11.964,28.647,0
11.964,28.719,0
11.964,28.792,0
11.964,28.864,0
11.964,28.937,0
11.964,29.009,0
11.964,29.081,0
11.964,29.154,0
11.964,29.226,0
11.964,29.299,0
11.964,29.371,0
11.964,29.444,0
11.964,29.516,0
11.964,29.588,0
11.964,29.661,0
11.964,29.733,0
11.964,29.806,0
11.964,29.878,0
11.964,29.95,0
11.964,30.023,0
11.964,30.095,0
11.964,30.168,0
11.964,30.24,0
11.964,30.312,0
11.964,30.385,0
11.964,30.457,0
11.964,30.53,0
11.964,30.602,0
